---------- Date: 2013-08-16 17:12:12 ~ IP : 127.0.0.1 ----------
REQUEST URI : /opencart/index.php?route=product/category&amp;path=25_28
MOD DETAILS:
   modFile   : E:\wamp\www\opencart\vqmod/xml/alter_max_amount_for_gift_voucher.xml
   id        : Alter max amount for gift vouchers
   version   : 1.0
   vqmver    : 1.2.3
   author    : deejunit
Could not resolve path for [catalog/controller/checkout/voucher.php] (SKIPPED)
----------------------------------------------------------------------


---------- Date: 2013-08-16 17:12:19 ~ IP : 127.0.0.1 ----------
REQUEST URI : /opencart/index.php?route=product/product&amp;path=25_28&amp;product_id=42
MOD DETAILS:
   modFile   : E:\wamp\www\opencart\vqmod/xml/alter_max_amount_for_gift_voucher.xml
   id        : Alter max amount for gift vouchers
   version   : 1.0
   vqmver    : 1.2.3
   author    : deejunit
Could not resolve path for [catalog/controller/checkout/voucher.php] (SKIPPED)
----------------------------------------------------------------------


---------- Date: 2013-08-16 17:12:31 ~ IP : 127.0.0.1 ----------
REQUEST URI : /opencart/index.php?route=product/category&amp;path=20
MOD DETAILS:
   modFile   : E:\wamp\www\opencart\vqmod/xml/alter_max_amount_for_gift_voucher.xml
   id        : Alter max amount for gift vouchers
   version   : 1.0
   vqmver    : 1.2.3
   author    : deejunit
Could not resolve path for [catalog/controller/checkout/voucher.php] (SKIPPED)
----------------------------------------------------------------------


---------- Date: 2013-08-16 17:12:36 ~ IP : 127.0.0.1 ----------
REQUEST URI : /opencart/index.php?route=product/product&amp;path=20&amp;product_id=30
MOD DETAILS:
   modFile   : E:\wamp\www\opencart\vqmod/xml/alter_max_amount_for_gift_voucher.xml
   id        : Alter max amount for gift vouchers
   version   : 1.0
   vqmver    : 1.2.3
   author    : deejunit
Could not resolve path for [catalog/controller/checkout/voucher.php] (SKIPPED)
----------------------------------------------------------------------


---------- Date: 2013-08-16 17:13:47 ~ IP : 127.0.0.1 ----------
REQUEST URI : /opencart/admin/
MOD DETAILS:
   modFile   : E:\wamp\www\opencart\vqmod/xml/alter_max_amount_for_gift_voucher.xml
   id        : Alter max amount for gift vouchers
   version   : 1.0
   vqmver    : 1.2.3
   author    : deejunit
Could not resolve path for [catalog/controller/checkout/voucher.php] (SKIPPED)
----------------------------------------------------------------------


---------- Date: 2013-08-16 17:13:51 ~ IP : 127.0.0.1 ----------
REQUEST URI : /opencart/admin/index.php?route=common/login
MOD DETAILS:
   modFile   : E:\wamp\www\opencart\vqmod/xml/alter_max_amount_for_gift_voucher.xml
   id        : Alter max amount for gift vouchers
   version   : 1.0
   vqmver    : 1.2.3
   author    : deejunit
Could not resolve path for [catalog/controller/checkout/voucher.php] (SKIPPED)
----------------------------------------------------------------------


---------- Date: 2013-08-16 17:14:00 ~ IP : 127.0.0.1 ----------
REQUEST URI : /opencart/admin/index.php?route=common/login
MOD DETAILS:
   modFile   : E:\wamp\www\opencart\vqmod/xml/alter_max_amount_for_gift_voucher.xml
   id        : Alter max amount for gift vouchers
   version   : 1.0
   vqmver    : 1.2.3
   author    : deejunit
Could not resolve path for [catalog/controller/checkout/voucher.php] (SKIPPED)
----------------------------------------------------------------------


---------- Date: 2013-08-16 17:14:00 ~ IP : 127.0.0.1 ----------
REQUEST URI : /opencart/admin/index.php?route=common/login&amp;token=107f43d9918f90cef27c490643a7904d
MOD DETAILS:
   modFile   : E:\wamp\www\opencart\vqmod/xml/alter_max_amount_for_gift_voucher.xml
   id        : Alter max amount for gift vouchers
   version   : 1.0
   vqmver    : 1.2.3
   author    : deejunit
Could not resolve path for [catalog/controller/checkout/voucher.php] (SKIPPED)
----------------------------------------------------------------------


---------- Date: 2013-08-16 17:14:03 ~ IP : 127.0.0.1 ----------
REQUEST URI : /opencart/admin/index.php?route=common/home&amp;token=107f43d9918f90cef27c490643a7904d
MOD DETAILS:
   modFile   : E:\wamp\www\opencart\vqmod/xml/alter_max_amount_for_gift_voucher.xml
   id        : Alter max amount for gift vouchers
   version   : 1.0
   vqmver    : 1.2.3
   author    : deejunit
Could not resolve path for [catalog/controller/checkout/voucher.php] (SKIPPED)
----------------------------------------------------------------------


---------- Date: 2013-08-16 17:14:03 ~ IP : 127.0.0.1 ----------
REQUEST URI : /opencart/admin/index.php?route=common/home/chart&amp;token=107f43d9918f90cef27c490643a7904d&amp;range=day
MOD DETAILS:
   modFile   : E:\wamp\www\opencart\vqmod/xml/alter_max_amount_for_gift_voucher.xml
   id        : Alter max amount for gift vouchers
   version   : 1.0
   vqmver    : 1.2.3
   author    : deejunit
Could not resolve path for [catalog/controller/checkout/voucher.php] (SKIPPED)
----------------------------------------------------------------------


---------- Date: 2013-08-16 17:14:13 ~ IP : 127.0.0.1 ----------
REQUEST URI : /opencart/admin/index.php?route=catalog/product&amp;token=107f43d9918f90cef27c490643a7904d
MOD DETAILS:
   modFile   : E:\wamp\www\opencart\vqmod/xml/alter_max_amount_for_gift_voucher.xml
   id        : Alter max amount for gift vouchers
   version   : 1.0
   vqmver    : 1.2.3
   author    : deejunit
Could not resolve path for [catalog/controller/checkout/voucher.php] (SKIPPED)
----------------------------------------------------------------------


---------- Date: 2013-08-16 17:14:34 ~ IP : 127.0.0.1 ----------
REQUEST URI : /opencart/admin/index.php?route=catalog/product/update&amp;token=107f43d9918f90cef27c490643a7904d&amp;product_id=30
MOD DETAILS:
   modFile   : E:\wamp\www\opencart\vqmod/xml/alter_max_amount_for_gift_voucher.xml
   id        : Alter max amount for gift vouchers
   version   : 1.0
   vqmver    : 1.2.3
   author    : deejunit
Could not resolve path for [catalog/controller/checkout/voucher.php] (SKIPPED)
----------------------------------------------------------------------


---------- Date: 2013-08-16 17:16:12 ~ IP : 127.0.0.1 ----------
REQUEST URI : /opencart/admin/index.php?route=catalog/product/update&amp;token=107f43d9918f90cef27c490643a7904d&amp;product_id=30
MOD DETAILS:
   modFile   : E:\wamp\www\opencart\vqmod/xml/alter_max_amount_for_gift_voucher.xml
   id        : Alter max amount for gift vouchers
   version   : 1.0
   vqmver    : 1.2.3
   author    : deejunit
Could not resolve path for [catalog/controller/checkout/voucher.php] (SKIPPED)
----------------------------------------------------------------------


---------- Date: 2013-08-16 17:16:12 ~ IP : 127.0.0.1 ----------
REQUEST URI : /opencart/admin/index.php?route=catalog/product&amp;token=107f43d9918f90cef27c490643a7904d
MOD DETAILS:
   modFile   : E:\wamp\www\opencart\vqmod/xml/alter_max_amount_for_gift_voucher.xml
   id        : Alter max amount for gift vouchers
   version   : 1.0
   vqmver    : 1.2.3
   author    : deejunit
Could not resolve path for [catalog/controller/checkout/voucher.php] (SKIPPED)
----------------------------------------------------------------------


---------- Date: 2013-08-16 17:16:16 ~ IP : 127.0.0.1 ----------
REQUEST URI : /opencart/admin/index.php?route=catalog/product/update&amp;token=107f43d9918f90cef27c490643a7904d&amp;product_id=30
MOD DETAILS:
   modFile   : E:\wamp\www\opencart\vqmod/xml/alter_max_amount_for_gift_voucher.xml
   id        : Alter max amount for gift vouchers
   version   : 1.0
   vqmver    : 1.2.3
   author    : deejunit
Could not resolve path for [catalog/controller/checkout/voucher.php] (SKIPPED)
----------------------------------------------------------------------


---------- Date: 2013-08-16 17:16:22 ~ IP : 127.0.0.1 ----------
REQUEST URI : /opencart/index.php?route=product/product&amp;path=20&amp;product_id=30
MOD DETAILS:
   modFile   : E:\wamp\www\opencart\vqmod/xml/alter_max_amount_for_gift_voucher.xml
   id        : Alter max amount for gift vouchers
   version   : 1.0
   vqmver    : 1.2.3
   author    : deejunit
Could not resolve path for [catalog/controller/checkout/voucher.php] (SKIPPED)
----------------------------------------------------------------------


---------- Date: 2013-08-16 17:17:01 ~ IP : 127.0.0.1 ----------
REQUEST URI : /opencart/index.php?route=product/category&amp;path=20_27
MOD DETAILS:
   modFile   : E:\wamp\www\opencart\vqmod/xml/alter_max_amount_for_gift_voucher.xml
   id        : Alter max amount for gift vouchers
   version   : 1.0
   vqmver    : 1.2.3
   author    : deejunit
Could not resolve path for [catalog/controller/checkout/voucher.php] (SKIPPED)
----------------------------------------------------------------------


---------- Date: 2013-08-16 17:17:04 ~ IP : 127.0.0.1 ----------
REQUEST URI : /opencart/index.php?route=product/product&amp;path=20_27&amp;product_id=41
MOD DETAILS:
   modFile   : E:\wamp\www\opencart\vqmod/xml/alter_max_amount_for_gift_voucher.xml
   id        : Alter max amount for gift vouchers
   version   : 1.0
   vqmver    : 1.2.3
   author    : deejunit
Could not resolve path for [catalog/controller/checkout/voucher.php] (SKIPPED)
----------------------------------------------------------------------


---------- Date: 2013-08-16 17:19:23 ~ IP : 127.0.0.1 ----------
REQUEST URI : /opencart/index.php?route=account/voucher
MOD DETAILS:
   modFile   : E:\wamp\www\opencart\vqmod/xml/alter_max_amount_for_gift_voucher.xml
   id        : Alter max amount for gift vouchers
   version   : 1.0
   vqmver    : 1.2.3
   author    : deejunit
Could not resolve path for [catalog/controller/checkout/voucher.php] (SKIPPED)
----------------------------------------------------------------------


---------- Date: 2013-08-16 17:21:08 ~ IP : 127.0.0.1 ----------
REQUEST URI : /opencart/index.php?route=product/product&amp;path=20_27&amp;product_id=41
MOD DETAILS:
   modFile   : E:\wamp\www\opencart\vqmod/xml/alter_max_amount_for_gift_voucher.xml
   id        : Alter max amount for gift vouchers
   version   : 1.0
   vqmver    : 1.2.3
   author    : deejunit
Could not resolve path for [catalog/controller/checkout/voucher.php] (SKIPPED)
----------------------------------------------------------------------


---------- Date: 2013-08-16 17:59:50 ~ IP : 127.0.0.1 ----------
REQUEST URI : /opencart/index.php?route=product/product&amp;path=20_27&amp;product_id=41
MOD DETAILS:
   modFile   : E:\wamp\www\opencart\vqmod/xml/alter_max_amount_for_gift_voucher.xml
   id        : Alter max amount for gift vouchers
   version   : 1.0
   vqmver    : 1.2.3
   author    : deejunit
Could not resolve path for [catalog/controller/checkout/voucher.php] (SKIPPED)
----------------------------------------------------------------------


---------- Date: 2013-08-16 18:00:23 ~ IP : 127.0.0.1 ----------
REQUEST URI : /opencart/index.php?route=product/product&amp;path=20_27&amp;product_id=41
MOD DETAILS:
   modFile   : E:\wamp\www\opencart\vqmod/xml/alter_max_amount_for_gift_voucher.xml
   id        : Alter max amount for gift vouchers
   version   : 1.0
   vqmver    : 1.2.3
   author    : deejunit
Could not resolve path for [catalog/controller/checkout/voucher.php] (SKIPPED)
----------------------------------------------------------------------


---------- Date: 2013-08-16 18:02:46 ~ IP : 127.0.0.1 ----------
REQUEST URI : /opencart/index.php?route=product/product&amp;path=20_27&amp;product_id=41
MOD DETAILS:
   modFile   : E:\wamp\www\opencart\vqmod/xml/alter_max_amount_for_gift_voucher.xml
   id        : Alter max amount for gift vouchers
   version   : 1.0
   vqmver    : 1.2.3
   author    : deejunit
Could not resolve path for [catalog/controller/checkout/voucher.php] (SKIPPED)
----------------------------------------------------------------------


---------- Date: 2013-08-16 18:09:11 ~ IP : 127.0.0.1 ----------
REQUEST URI : /opencart/index.php?route=product/product&amp;path=20_27&amp;product_id=41
MOD DETAILS:
   modFile   : E:\wamp\www\opencart\vqmod/xml/alter_max_amount_for_gift_voucher.xml
   id        : Alter max amount for gift vouchers
   version   : 1.0
   vqmver    : 1.2.3
   author    : deejunit
Could not resolve path for [catalog/controller/checkout/voucher.php] (SKIPPED)
----------------------------------------------------------------------


