---------- Date: 2013-08-19 15:57:56 ~ IP : 127.0.0.1 ----------
REQUEST URI : /opencart/index.php?route=product/category&amp;path=20
MOD DETAILS:
   modFile   : E:\wamp\www\opencart\vqmod/xml/alter_max_amount_for_gift_voucher.xml
   id        : Alter max amount for gift vouchers
   version   : 1.0
   vqmver    : 1.2.3
   author    : deejunit
Could not resolve path for [catalog/controller/checkout/voucher.php] (SKIPPED)
----------------------------------------------------------------------


---------- Date: 2013-08-19 15:58:31 ~ IP : 127.0.0.1 ----------
REQUEST URI : /opencart/index.php?route=checkout/cart/add
MOD DETAILS:
   modFile   : E:\wamp\www\opencart\vqmod/xml/alter_max_amount_for_gift_voucher.xml
   id        : Alter max amount for gift vouchers
   version   : 1.0
   vqmver    : 1.2.3
   author    : deejunit
Could not resolve path for [catalog/controller/checkout/voucher.php] (SKIPPED)
----------------------------------------------------------------------


---------- Date: 2013-08-19 15:58:41 ~ IP : 127.0.0.1 ----------
REQUEST URI : /opencart/index.php?route=product/category&amp;path=20&amp;sort=pd.name&amp;order=ASC
MOD DETAILS:
   modFile   : E:\wamp\www\opencart\vqmod/xml/alter_max_amount_for_gift_voucher.xml
   id        : Alter max amount for gift vouchers
   version   : 1.0
   vqmver    : 1.2.3
   author    : deejunit
Could not resolve path for [catalog/controller/checkout/voucher.php] (SKIPPED)
----------------------------------------------------------------------


---------- Date: 2013-08-19 15:58:47 ~ IP : 127.0.0.1 ----------
REQUEST URI : /opencart/index.php?route=product/category&amp;path=20&amp;sort=pd.name&amp;order=ASC&amp;limit=50
MOD DETAILS:
   modFile   : E:\wamp\www\opencart\vqmod/xml/alter_max_amount_for_gift_voucher.xml
   id        : Alter max amount for gift vouchers
   version   : 1.0
   vqmver    : 1.2.3
   author    : deejunit
Could not resolve path for [catalog/controller/checkout/voucher.php] (SKIPPED)
----------------------------------------------------------------------


---------- Date: 2013-08-19 17:11:18 ~ IP : 127.0.0.1 ----------
REQUEST URI : /opencart/admin/index.php?route=localisation/weight_class&amp;token=107f43d9918f90cef27c490643a7904d
MOD DETAILS:
   modFile   : E:\wamp\www\opencart\vqmod/xml/alter_max_amount_for_gift_voucher.xml
   id        : Alter max amount for gift vouchers
   version   : 1.0
   vqmver    : 1.2.3
   author    : deejunit
Could not resolve path for [catalog/controller/checkout/voucher.php] (SKIPPED)
----------------------------------------------------------------------


