---------- Date: 2013-08-17 17:27:55 ~ IP : 127.0.0.1 ----------
REQUEST URI : /opencart/index.php?route=product/product&amp;path=20_27&amp;product_id=41
MOD DETAILS:
   modFile   : E:\wamp\www\opencart\vqmod/xml/alter_max_amount_for_gift_voucher.xml
   id        : Alter max amount for gift vouchers
   version   : 1.0
   vqmver    : 1.2.3
   author    : deejunit
Could not resolve path for [catalog/controller/checkout/voucher.php] (SKIPPED)
----------------------------------------------------------------------


---------- Date: 2013-08-17 17:32:50 ~ IP : 127.0.0.1 ----------
REQUEST URI : /opencart/index.php?route=product/product&amp;path=20_27&amp;product_id=41
MOD DETAILS:
   modFile   : E:\wamp\www\opencart\vqmod/xml/alter_max_amount_for_gift_voucher.xml
   id        : Alter max amount for gift vouchers
   version   : 1.0
   vqmver    : 1.2.3
   author    : deejunit
Could not resolve path for [catalog/controller/checkout/voucher.php] (SKIPPED)
----------------------------------------------------------------------


---------- Date: 2013-08-17 17:34:58 ~ IP : 127.0.0.1 ----------
REQUEST URI : /opencart/index.php?route=product/product&amp;path=20_27&amp;product_id=41
MOD DETAILS:
   modFile   : E:\wamp\www\opencart\vqmod/xml/alter_max_amount_for_gift_voucher.xml
   id        : Alter max amount for gift vouchers
   version   : 1.0
   vqmver    : 1.2.3
   author    : deejunit
Could not resolve path for [catalog/controller/checkout/voucher.php] (SKIPPED)
----------------------------------------------------------------------


---------- Date: 2013-08-17 17:36:30 ~ IP : 127.0.0.1 ----------
REQUEST URI : /opencart/index.php?route=product/product&amp;path=20_27&amp;product_id=41
MOD DETAILS:
   modFile   : E:\wamp\www\opencart\vqmod/xml/alter_max_amount_for_gift_voucher.xml
   id        : Alter max amount for gift vouchers
   version   : 1.0
   vqmver    : 1.2.3
   author    : deejunit
Could not resolve path for [catalog/controller/checkout/voucher.php] (SKIPPED)
----------------------------------------------------------------------


---------- Date: 2013-08-17 17:42:58 ~ IP : 127.0.0.1 ----------
REQUEST URI : /opencart/admin/index.php?route=catalog/attribute/autocomplete&amp;token=107f43d9918f90cef27c490643a7904d&amp;filter_name=L
MOD DETAILS:
   modFile   : E:\wamp\www\opencart\vqmod/xml/alter_max_amount_for_gift_voucher.xml
   id        : Alter max amount for gift vouchers
   version   : 1.0
   vqmver    : 1.2.3
   author    : deejunit
Could not resolve path for [catalog/controller/checkout/voucher.php] (SKIPPED)
----------------------------------------------------------------------


---------- Date: 2013-08-17 17:42:58 ~ IP : 127.0.0.1 ----------
REQUEST URI : /opencart/admin/index.php?route=catalog/attribute/autocomplete&amp;token=107f43d9918f90cef27c490643a7904d&amp;filter_name=Lo
MOD DETAILS:
   modFile   : E:\wamp\www\opencart\vqmod/xml/alter_max_amount_for_gift_voucher.xml
   id        : Alter max amount for gift vouchers
   version   : 1.0
   vqmver    : 1.2.3
   author    : deejunit
Could not resolve path for [catalog/controller/checkout/voucher.php] (SKIPPED)
----------------------------------------------------------------------


---------- Date: 2013-08-17 17:42:59 ~ IP : 127.0.0.1 ----------
REQUEST URI : /opencart/admin/index.php?route=catalog/attribute/autocomplete&amp;token=107f43d9918f90cef27c490643a7904d&amp;filter_name=Local
MOD DETAILS:
   modFile   : E:\wamp\www\opencart\vqmod/xml/alter_max_amount_for_gift_voucher.xml
   id        : Alter max amount for gift vouchers
   version   : 1.0
   vqmver    : 1.2.3
   author    : deejunit
Could not resolve path for [catalog/controller/checkout/voucher.php] (SKIPPED)
----------------------------------------------------------------------


---------- Date: 2013-08-17 17:43:01 ~ IP : 127.0.0.1 ----------
REQUEST URI : /opencart/admin/index.php?route=catalog/attribute/autocomplete&amp;token=107f43d9918f90cef27c490643a7904d&amp;filter_name=Local%20Name
MOD DETAILS:
   modFile   : E:\wamp\www\opencart\vqmod/xml/alter_max_amount_for_gift_voucher.xml
   id        : Alter max amount for gift vouchers
   version   : 1.0
   vqmver    : 1.2.3
   author    : deejunit
Could not resolve path for [catalog/controller/checkout/voucher.php] (SKIPPED)
----------------------------------------------------------------------


---------- Date: 2013-08-17 17:43:40 ~ IP : 127.0.0.1 ----------
REQUEST URI : /opencart/admin/index.php?route=catalog/product/update&amp;token=107f43d9918f90cef27c490643a7904d&amp;product_id=30
MOD DETAILS:
   modFile   : E:\wamp\www\opencart\vqmod/xml/alter_max_amount_for_gift_voucher.xml
   id        : Alter max amount for gift vouchers
   version   : 1.0
   vqmver    : 1.2.3
   author    : deejunit
Could not resolve path for [catalog/controller/checkout/voucher.php] (SKIPPED)
----------------------------------------------------------------------


---------- Date: 2013-08-17 17:43:40 ~ IP : 127.0.0.1 ----------
REQUEST URI : /opencart/admin/index.php?route=catalog/product&amp;token=107f43d9918f90cef27c490643a7904d
MOD DETAILS:
   modFile   : E:\wamp\www\opencart\vqmod/xml/alter_max_amount_for_gift_voucher.xml
   id        : Alter max amount for gift vouchers
   version   : 1.0
   vqmver    : 1.2.3
   author    : deejunit
Could not resolve path for [catalog/controller/checkout/voucher.php] (SKIPPED)
----------------------------------------------------------------------


---------- Date: 2013-08-17 17:43:56 ~ IP : 127.0.0.1 ----------
REQUEST URI : /opencart/index.php?route=product/category&amp;path=33
MOD DETAILS:
   modFile   : E:\wamp\www\opencart\vqmod/xml/alter_max_amount_for_gift_voucher.xml
   id        : Alter max amount for gift vouchers
   version   : 1.0
   vqmver    : 1.2.3
   author    : deejunit
Could not resolve path for [catalog/controller/checkout/voucher.php] (SKIPPED)
----------------------------------------------------------------------


---------- Date: 2013-08-17 17:44:00 ~ IP : 127.0.0.1 ----------
REQUEST URI : /opencart/index.php?route=product/product&amp;path=33&amp;product_id=30
MOD DETAILS:
   modFile   : E:\wamp\www\opencart\vqmod/xml/alter_max_amount_for_gift_voucher.xml
   id        : Alter max amount for gift vouchers
   version   : 1.0
   vqmver    : 1.2.3
   author    : deejunit
Could not resolve path for [catalog/controller/checkout/voucher.php] (SKIPPED)
----------------------------------------------------------------------


---------- Date: 2013-08-17 17:44:35 ~ IP : 127.0.0.1 ----------
REQUEST URI : /opencart/admin/index.php?route=catalog/product/update&amp;token=107f43d9918f90cef27c490643a7904d&amp;product_id=30
MOD DETAILS:
   modFile   : E:\wamp\www\opencart\vqmod/xml/alter_max_amount_for_gift_voucher.xml
   id        : Alter max amount for gift vouchers
   version   : 1.0
   vqmver    : 1.2.3
   author    : deejunit
Could not resolve path for [catalog/controller/checkout/voucher.php] (SKIPPED)
----------------------------------------------------------------------


---------- Date: 2013-08-17 17:45:41 ~ IP : 127.0.0.1 ----------
REQUEST URI : /opencart/admin/index.php?route=catalog/attribute/autocomplete&amp;token=107f43d9918f90cef27c490643a7904d&amp;filter_name=%E0%A6%95
MOD DETAILS:
   modFile   : E:\wamp\www\opencart\vqmod/xml/alter_max_amount_for_gift_voucher.xml
   id        : Alter max amount for gift vouchers
   version   : 1.0
   vqmver    : 1.2.3
   author    : deejunit
Could not resolve path for [catalog/controller/checkout/voucher.php] (SKIPPED)
----------------------------------------------------------------------


---------- Date: 2013-08-17 17:46:05 ~ IP : 127.0.0.1 ----------
REQUEST URI : /opencart/admin/index.php?route=catalog/attribute/autocomplete&amp;token=107f43d9918f90cef27c490643a7904d&amp;filter_name=a
MOD DETAILS:
   modFile   : E:\wamp\www\opencart\vqmod/xml/alter_max_amount_for_gift_voucher.xml
   id        : Alter max amount for gift vouchers
   version   : 1.0
   vqmver    : 1.2.3
   author    : deejunit
Could not resolve path for [catalog/controller/checkout/voucher.php] (SKIPPED)
----------------------------------------------------------------------


---------- Date: 2013-08-17 17:46:17 ~ IP : 127.0.0.1 ----------
REQUEST URI : /opencart/admin/index.php?route=catalog/attribute&amp;token=107f43d9918f90cef27c490643a7904d
MOD DETAILS:
   modFile   : E:\wamp\www\opencart\vqmod/xml/alter_max_amount_for_gift_voucher.xml
   id        : Alter max amount for gift vouchers
   version   : 1.0
   vqmver    : 1.2.3
   author    : deejunit
Could not resolve path for [catalog/controller/checkout/voucher.php] (SKIPPED)
----------------------------------------------------------------------


---------- Date: 2013-08-17 17:46:29 ~ IP : 127.0.0.1 ----------
REQUEST URI : /opencart/admin/index.php?route=catalog/attribute/insert&amp;token=107f43d9918f90cef27c490643a7904d
MOD DETAILS:
   modFile   : E:\wamp\www\opencart\vqmod/xml/alter_max_amount_for_gift_voucher.xml
   id        : Alter max amount for gift vouchers
   version   : 1.0
   vqmver    : 1.2.3
   author    : deejunit
Could not resolve path for [catalog/controller/checkout/voucher.php] (SKIPPED)
----------------------------------------------------------------------


---------- Date: 2013-08-17 17:47:02 ~ IP : 127.0.0.1 ----------
REQUEST URI : /opencart/admin/index.php?route=catalog/attribute/insert&amp;token=107f43d9918f90cef27c490643a7904d
MOD DETAILS:
   modFile   : E:\wamp\www\opencart\vqmod/xml/alter_max_amount_for_gift_voucher.xml
   id        : Alter max amount for gift vouchers
   version   : 1.0
   vqmver    : 1.2.3
   author    : deejunit
Could not resolve path for [catalog/controller/checkout/voucher.php] (SKIPPED)
----------------------------------------------------------------------


---------- Date: 2013-08-17 17:47:03 ~ IP : 127.0.0.1 ----------
REQUEST URI : /opencart/admin/index.php?route=catalog/attribute&amp;token=107f43d9918f90cef27c490643a7904d
MOD DETAILS:
   modFile   : E:\wamp\www\opencart\vqmod/xml/alter_max_amount_for_gift_voucher.xml
   id        : Alter max amount for gift vouchers
   version   : 1.0
   vqmver    : 1.2.3
   author    : deejunit
Could not resolve path for [catalog/controller/checkout/voucher.php] (SKIPPED)
----------------------------------------------------------------------


---------- Date: 2013-08-17 17:47:13 ~ IP : 127.0.0.1 ----------
REQUEST URI : /opencart/admin/index.php?route=catalog/product&amp;token=107f43d9918f90cef27c490643a7904d
MOD DETAILS:
   modFile   : E:\wamp\www\opencart\vqmod/xml/alter_max_amount_for_gift_voucher.xml
   id        : Alter max amount for gift vouchers
   version   : 1.0
   vqmver    : 1.2.3
   author    : deejunit
Could not resolve path for [catalog/controller/checkout/voucher.php] (SKIPPED)
----------------------------------------------------------------------


---------- Date: 2013-08-17 17:47:17 ~ IP : 127.0.0.1 ----------
REQUEST URI : /opencart/admin/index.php?route=catalog/product/update&amp;token=107f43d9918f90cef27c490643a7904d&amp;product_id=30
MOD DETAILS:
   modFile   : E:\wamp\www\opencart\vqmod/xml/alter_max_amount_for_gift_voucher.xml
   id        : Alter max amount for gift vouchers
   version   : 1.0
   vqmver    : 1.2.3
   author    : deejunit
Could not resolve path for [catalog/controller/checkout/voucher.php] (SKIPPED)
----------------------------------------------------------------------


---------- Date: 2013-08-17 17:47:24 ~ IP : 127.0.0.1 ----------
REQUEST URI : /opencart/admin/index.php?route=catalog/attribute/autocomplete&amp;token=107f43d9918f90cef27c490643a7904d&amp;filter_name=L
MOD DETAILS:
   modFile   : E:\wamp\www\opencart\vqmod/xml/alter_max_amount_for_gift_voucher.xml
   id        : Alter max amount for gift vouchers
   version   : 1.0
   vqmver    : 1.2.3
   author    : deejunit
Could not resolve path for [catalog/controller/checkout/voucher.php] (SKIPPED)
----------------------------------------------------------------------


---------- Date: 2013-08-17 17:47:37 ~ IP : 127.0.0.1 ----------
REQUEST URI : /opencart/admin/index.php?route=catalog/product/update&amp;token=107f43d9918f90cef27c490643a7904d&amp;product_id=30
MOD DETAILS:
   modFile   : E:\wamp\www\opencart\vqmod/xml/alter_max_amount_for_gift_voucher.xml
   id        : Alter max amount for gift vouchers
   version   : 1.0
   vqmver    : 1.2.3
   author    : deejunit
Could not resolve path for [catalog/controller/checkout/voucher.php] (SKIPPED)
----------------------------------------------------------------------


---------- Date: 2013-08-17 17:47:37 ~ IP : 127.0.0.1 ----------
REQUEST URI : /opencart/admin/index.php?route=catalog/product&amp;token=107f43d9918f90cef27c490643a7904d
MOD DETAILS:
   modFile   : E:\wamp\www\opencart\vqmod/xml/alter_max_amount_for_gift_voucher.xml
   id        : Alter max amount for gift vouchers
   version   : 1.0
   vqmver    : 1.2.3
   author    : deejunit
Could not resolve path for [catalog/controller/checkout/voucher.php] (SKIPPED)
----------------------------------------------------------------------


---------- Date: 2013-08-17 17:47:47 ~ IP : 127.0.0.1 ----------
REQUEST URI : /opencart/index.php?route=product/product&amp;path=33&amp;product_id=30
MOD DETAILS:
   modFile   : E:\wamp\www\opencart\vqmod/xml/alter_max_amount_for_gift_voucher.xml
   id        : Alter max amount for gift vouchers
   version   : 1.0
   vqmver    : 1.2.3
   author    : deejunit
Could not resolve path for [catalog/controller/checkout/voucher.php] (SKIPPED)
----------------------------------------------------------------------


---------- Date: 2013-08-17 17:49:24 ~ IP : 127.0.0.1 ----------
REQUEST URI : /opencart/admin/index.php?route=catalog/product/update&amp;token=107f43d9918f90cef27c490643a7904d&amp;product_id=30
MOD DETAILS:
   modFile   : E:\wamp\www\opencart\vqmod/xml/alter_max_amount_for_gift_voucher.xml
   id        : Alter max amount for gift vouchers
   version   : 1.0
   vqmver    : 1.2.3
   author    : deejunit
Could not resolve path for [catalog/controller/checkout/voucher.php] (SKIPPED)
----------------------------------------------------------------------


---------- Date: 2013-08-17 17:53:11 ~ IP : 127.0.0.1 ----------
REQUEST URI : /opencart/admin/index.php?route=catalog/product/update&amp;token=107f43d9918f90cef27c490643a7904d&amp;product_id=30
MOD DETAILS:
   modFile   : E:\wamp\www\opencart\vqmod/xml/alter_max_amount_for_gift_voucher.xml
   id        : Alter max amount for gift vouchers
   version   : 1.0
   vqmver    : 1.2.3
   author    : deejunit
Could not resolve path for [catalog/controller/checkout/voucher.php] (SKIPPED)
----------------------------------------------------------------------


---------- Date: 2013-08-17 17:53:11 ~ IP : 127.0.0.1 ----------
REQUEST URI : /opencart/admin/index.php?route=catalog/product&amp;token=107f43d9918f90cef27c490643a7904d
MOD DETAILS:
   modFile   : E:\wamp\www\opencart\vqmod/xml/alter_max_amount_for_gift_voucher.xml
   id        : Alter max amount for gift vouchers
   version   : 1.0
   vqmver    : 1.2.3
   author    : deejunit
Could not resolve path for [catalog/controller/checkout/voucher.php] (SKIPPED)
----------------------------------------------------------------------


---------- Date: 2013-08-17 17:53:14 ~ IP : 127.0.0.1 ----------
REQUEST URI : /opencart/index.php?route=product/product&amp;path=33&amp;product_id=30
MOD DETAILS:
   modFile   : E:\wamp\www\opencart\vqmod/xml/alter_max_amount_for_gift_voucher.xml
   id        : Alter max amount for gift vouchers
   version   : 1.0
   vqmver    : 1.2.3
   author    : deejunit
Could not resolve path for [catalog/controller/checkout/voucher.php] (SKIPPED)
----------------------------------------------------------------------


---------- Date: 2013-08-17 17:53:19 ~ IP : 127.0.0.1 ----------
REQUEST URI : /opencart/index.php?route=product/product&amp;path=33&amp;product_id=30
MOD DETAILS:
   modFile   : E:\wamp\www\opencart\vqmod/xml/alter_max_amount_for_gift_voucher.xml
   id        : Alter max amount for gift vouchers
   version   : 1.0
   vqmver    : 1.2.3
   author    : deejunit
Could not resolve path for [catalog/controller/checkout/voucher.php] (SKIPPED)
----------------------------------------------------------------------


---------- Date: 2013-08-17 17:59:56 ~ IP : 127.0.0.1 ----------
REQUEST URI : /opencart/index.php?route=product/product&amp;path=33&amp;product_id=30
MOD DETAILS:
   modFile   : E:\wamp\www\opencart\vqmod/xml/alter_max_amount_for_gift_voucher.xml
   id        : Alter max amount for gift vouchers
   version   : 1.0
   vqmver    : 1.2.3
   author    : deejunit
Could not resolve path for [catalog/controller/checkout/voucher.php] (SKIPPED)
----------------------------------------------------------------------


---------- Date: 2013-08-17 18:19:24 ~ IP : 127.0.0.1 ----------
REQUEST URI : /opencart/index.php?route=product/product&amp;path=33&amp;product_id=30
MOD DETAILS:
   modFile   : E:\wamp\www\opencart\vqmod/xml/alter_max_amount_for_gift_voucher.xml
   id        : Alter max amount for gift vouchers
   version   : 1.0
   vqmver    : 1.2.3
   author    : deejunit
Could not resolve path for [catalog/controller/checkout/voucher.php] (SKIPPED)
----------------------------------------------------------------------


---------- Date: 2013-08-17 18:19:52 ~ IP : 127.0.0.1 ----------
REQUEST URI : /opencart/index.php?route=product/product&amp;path=33&amp;product_id=30
MOD DETAILS:
   modFile   : E:\wamp\www\opencart\vqmod/xml/alter_max_amount_for_gift_voucher.xml
   id        : Alter max amount for gift vouchers
   version   : 1.0
   vqmver    : 1.2.3
   author    : deejunit
Could not resolve path for [catalog/controller/checkout/voucher.php] (SKIPPED)
----------------------------------------------------------------------


---------- Date: 2013-08-17 18:23:49 ~ IP : 127.0.0.1 ----------
REQUEST URI : /opencart/admin/index.php?route=catalog/product/update&amp;token=107f43d9918f90cef27c490643a7904d&amp;product_id=30
MOD DETAILS:
   modFile   : E:\wamp\www\opencart\vqmod/xml/alter_max_amount_for_gift_voucher.xml
   id        : Alter max amount for gift vouchers
   version   : 1.0
   vqmver    : 1.2.3
   author    : deejunit
Could not resolve path for [catalog/controller/checkout/voucher.php] (SKIPPED)
----------------------------------------------------------------------


---------- Date: 2013-08-17 18:24:28 ~ IP : 127.0.0.1 ----------
REQUEST URI : /opencart/admin/index.php?route=localisation/weight_class&amp;token=107f43d9918f90cef27c490643a7904d
MOD DETAILS:
   modFile   : E:\wamp\www\opencart\vqmod/xml/alter_max_amount_for_gift_voucher.xml
   id        : Alter max amount for gift vouchers
   version   : 1.0
   vqmver    : 1.2.3
   author    : deejunit
Could not resolve path for [catalog/controller/checkout/voucher.php] (SKIPPED)
----------------------------------------------------------------------


---------- Date: 2013-08-17 18:27:59 ~ IP : 127.0.0.1 ----------
REQUEST URI : /opencart/index.php?route=product/product&amp;path=33&amp;product_id=30
MOD DETAILS:
   modFile   : E:\wamp\www\opencart\vqmod/xml/alter_max_amount_for_gift_voucher.xml
   id        : Alter max amount for gift vouchers
   version   : 1.0
   vqmver    : 1.2.3
   author    : deejunit
Could not resolve path for [catalog/controller/checkout/voucher.php] (SKIPPED)
----------------------------------------------------------------------


---------- Date: 2013-08-17 18:31:05 ~ IP : 127.0.0.1 ----------
REQUEST URI : /opencart/index.php?route=product/product&amp;path=33&amp;product_id=30
MOD DETAILS:
   modFile   : E:\wamp\www\opencart\vqmod/xml/alter_max_amount_for_gift_voucher.xml
   id        : Alter max amount for gift vouchers
   version   : 1.0
   vqmver    : 1.2.3
   author    : deejunit
Could not resolve path for [catalog/controller/checkout/voucher.php] (SKIPPED)
----------------------------------------------------------------------


---------- Date: 2013-08-17 18:31:55 ~ IP : 127.0.0.1 ----------
REQUEST URI : /opencart/index.php?route=product/product&amp;path=33&amp;product_id=30
MOD DETAILS:
   modFile   : E:\wamp\www\opencart\vqmod/xml/alter_max_amount_for_gift_voucher.xml
   id        : Alter max amount for gift vouchers
   version   : 1.0
   vqmver    : 1.2.3
   author    : deejunit
Could not resolve path for [catalog/controller/checkout/voucher.php] (SKIPPED)
----------------------------------------------------------------------


---------- Date: 2013-08-17 18:35:34 ~ IP : 127.0.0.1 ----------
REQUEST URI : /opencart/index.php?route=product/product&amp;path=33&amp;product_id=30
MOD DETAILS:
   modFile   : E:\wamp\www\opencart\vqmod/xml/alter_max_amount_for_gift_voucher.xml
   id        : Alter max amount for gift vouchers
   version   : 1.0
   vqmver    : 1.2.3
   author    : deejunit
Could not resolve path for [catalog/controller/checkout/voucher.php] (SKIPPED)
----------------------------------------------------------------------


---------- Date: 2013-08-17 18:38:24 ~ IP : 127.0.0.1 ----------
REQUEST URI : /opencart/index.php?route=product/product&amp;path=33&amp;product_id=30
MOD DETAILS:
   modFile   : E:\wamp\www\opencart\vqmod/xml/alter_max_amount_for_gift_voucher.xml
   id        : Alter max amount for gift vouchers
   version   : 1.0
   vqmver    : 1.2.3
   author    : deejunit
Could not resolve path for [catalog/controller/checkout/voucher.php] (SKIPPED)
----------------------------------------------------------------------


---------- Date: 2013-08-17 18:38:50 ~ IP : 127.0.0.1 ----------
REQUEST URI : /opencart/index.php?route=product/product&amp;path=33&amp;product_id=30
MOD DETAILS:
   modFile   : E:\wamp\www\opencart\vqmod/xml/alter_max_amount_for_gift_voucher.xml
   id        : Alter max amount for gift vouchers
   version   : 1.0
   vqmver    : 1.2.3
   author    : deejunit
Could not resolve path for [catalog/controller/checkout/voucher.php] (SKIPPED)
----------------------------------------------------------------------


