---------- Date: 2013-08-18 06:57:15 ~ IP : 127.0.0.1 ----------
REQUEST URI : /opencart/index.php?route=product/product&amp;path=33&amp;product_id=30
MOD DETAILS:
   modFile   : E:\wamp\www\opencart\vqmod/xml/alter_max_amount_for_gift_voucher.xml
   id        : Alter max amount for gift vouchers
   version   : 1.0
   vqmver    : 1.2.3
   author    : deejunit
Could not resolve path for [catalog/controller/checkout/voucher.php] (SKIPPED)
----------------------------------------------------------------------


---------- Date: 2013-08-18 06:57:52 ~ IP : 127.0.0.1 ----------
REQUEST URI : /opencart/index.php?route=product/product&amp;path=33&amp;product_id=30
MOD DETAILS:
   modFile   : E:\wamp\www\opencart\vqmod/xml/alter_max_amount_for_gift_voucher.xml
   id        : Alter max amount for gift vouchers
   version   : 1.0
   vqmver    : 1.2.3
   author    : deejunit
Could not resolve path for [catalog/controller/checkout/voucher.php] (SKIPPED)
----------------------------------------------------------------------


---------- Date: 2013-08-18 06:57:55 ~ IP : 127.0.0.1 ----------
REQUEST URI : /opencart/index.php?route=product/category&amp;path=20
MOD DETAILS:
   modFile   : E:\wamp\www\opencart\vqmod/xml/alter_max_amount_for_gift_voucher.xml
   id        : Alter max amount for gift vouchers
   version   : 1.0
   vqmver    : 1.2.3
   author    : deejunit
Could not resolve path for [catalog/controller/checkout/voucher.php] (SKIPPED)
----------------------------------------------------------------------


---------- Date: 2013-08-18 06:57:59 ~ IP : 127.0.0.1 ----------
REQUEST URI : /opencart/index.php?route=common/home
MOD DETAILS:
   modFile   : E:\wamp\www\opencart\vqmod/xml/alter_max_amount_for_gift_voucher.xml
   id        : Alter max amount for gift vouchers
   version   : 1.0
   vqmver    : 1.2.3
   author    : deejunit
Could not resolve path for [catalog/controller/checkout/voucher.php] (SKIPPED)
----------------------------------------------------------------------


---------- Date: 2013-08-18 06:58:39 ~ IP : 127.0.0.1 ----------
REQUEST URI : /opencart/index.php?route=product/product&amp;product_id=49
MOD DETAILS:
   modFile   : E:\wamp\www\opencart\vqmod/xml/alter_max_amount_for_gift_voucher.xml
   id        : Alter max amount for gift vouchers
   version   : 1.0
   vqmver    : 1.2.3
   author    : deejunit
Could not resolve path for [catalog/controller/checkout/voucher.php] (SKIPPED)
----------------------------------------------------------------------


