---------- Date: 2013-09-26 13:31:53 ~ IP : 127.0.0.1 ----------
REQUEST URI : /opencart/
MOD DETAILS:
   modFile   : E:\wamp\www\opencart\vqmod/xml/alter_max_amount_for_gift_voucher.xml
   id        : Alter max amount for gift vouchers
   version   : 1.0
   vqmver    : 1.2.3
   author    : deejunit
Could not resolve path for [catalog/controller/checkout/voucher.php] (SKIPPED)
----------------------------------------------------------------------


---------- Date: 2013-09-26 13:54:12 ~ IP : 127.0.0.1 ----------
REQUEST URI : /opencart/index.php?route=product/product&amp;product_id=49
MOD DETAILS:
   modFile   : E:\wamp\www\opencart\vqmod/xml/alter_max_amount_for_gift_voucher.xml
   id        : Alter max amount for gift vouchers
   version   : 1.0
   vqmver    : 1.2.3
   author    : deejunit
Could not resolve path for [catalog/controller/checkout/voucher.php] (SKIPPED)
----------------------------------------------------------------------


---------- Date: 2013-09-26 13:54:19 ~ IP : 127.0.0.1 ----------
REQUEST URI : /opencart/
MOD DETAILS:
   modFile   : E:\wamp\www\opencart\vqmod/xml/alter_max_amount_for_gift_voucher.xml
   id        : Alter max amount for gift vouchers
   version   : 1.0
   vqmver    : 1.2.3
   author    : deejunit
Could not resolve path for [catalog/controller/checkout/voucher.php] (SKIPPED)
----------------------------------------------------------------------


---------- Date: 2013-09-26 14:08:31 ~ IP : 127.0.0.1 ----------
REQUEST URI : /opencart/index.php?route=product/product&amp;product_id=49
MOD DETAILS:
   modFile   : E:\wamp\www\opencart\vqmod/xml/alter_max_amount_for_gift_voucher.xml
   id        : Alter max amount for gift vouchers
   version   : 1.0
   vqmver    : 1.2.3
   author    : deejunit
Could not resolve path for [catalog/controller/checkout/voucher.php] (SKIPPED)
----------------------------------------------------------------------


---------- Date: 2013-09-26 14:08:37 ~ IP : 127.0.0.1 ----------
REQUEST URI : /opencart/index.php?route=product/product&amp;product_id=49
MOD DETAILS:
   modFile   : E:\wamp\www\opencart\vqmod/xml/alter_max_amount_for_gift_voucher.xml
   id        : Alter max amount for gift vouchers
   version   : 1.0
   vqmver    : 1.2.3
   author    : deejunit
Could not resolve path for [catalog/controller/checkout/voucher.php] (SKIPPED)
----------------------------------------------------------------------


---------- Date: 2013-09-26 14:08:54 ~ IP : 127.0.0.1 ----------
REQUEST URI : /opencart/index.php?route=common/home
MOD DETAILS:
   modFile   : E:\wamp\www\opencart\vqmod/xml/alter_max_amount_for_gift_voucher.xml
   id        : Alter max amount for gift vouchers
   version   : 1.0
   vqmver    : 1.2.3
   author    : deejunit
Could not resolve path for [catalog/controller/checkout/voucher.php] (SKIPPED)
----------------------------------------------------------------------


---------- Date: 2013-09-26 14:09:36 ~ IP : 127.0.0.1 ----------
REQUEST URI : /opencart/index.php?route=product/product&amp;product_id=49
MOD DETAILS:
   modFile   : E:\wamp\www\opencart\vqmod/xml/alter_max_amount_for_gift_voucher.xml
   id        : Alter max amount for gift vouchers
   version   : 1.0
   vqmver    : 1.2.3
   author    : deejunit
Could not resolve path for [catalog/controller/checkout/voucher.php] (SKIPPED)
----------------------------------------------------------------------


---------- Date: 2013-09-26 14:10:56 ~ IP : 127.0.0.1 ----------
REQUEST URI : /opencart/index.php?route=common/home
MOD DETAILS:
   modFile   : E:\wamp\www\opencart\vqmod/xml/alter_max_amount_for_gift_voucher.xml
   id        : Alter max amount for gift vouchers
   version   : 1.0
   vqmver    : 1.2.3
   author    : deejunit
Could not resolve path for [catalog/controller/checkout/voucher.php] (SKIPPED)
----------------------------------------------------------------------


---------- Date: 2013-09-26 14:11:00 ~ IP : 127.0.0.1 ----------
REQUEST URI : /opencart/index.php?route=product/product&amp;product_id=47
MOD DETAILS:
   modFile   : E:\wamp\www\opencart\vqmod/xml/alter_max_amount_for_gift_voucher.xml
   id        : Alter max amount for gift vouchers
   version   : 1.0
   vqmver    : 1.2.3
   author    : deejunit
Could not resolve path for [catalog/controller/checkout/voucher.php] (SKIPPED)
----------------------------------------------------------------------


---------- Date: 2013-09-26 14:21:13 ~ IP : 127.0.0.1 ----------
REQUEST URI : /opencart/index.php?route=product/product&amp;product_id=47
MOD DETAILS:
   modFile   : E:\wamp\www\opencart\vqmod/xml/alter_max_amount_for_gift_voucher.xml
   id        : Alter max amount for gift vouchers
   version   : 1.0
   vqmver    : 1.2.3
   author    : deejunit
Could not resolve path for [catalog/controller/checkout/voucher.php] (SKIPPED)
----------------------------------------------------------------------


---------- Date: 2013-09-26 14:26:07 ~ IP : 127.0.0.1 ----------
REQUEST URI : /opencart/index.php?route=product/product&amp;product_id=47
MOD DETAILS:
   modFile   : E:\wamp\www\opencart\vqmod/xml/alter_max_amount_for_gift_voucher.xml
   id        : Alter max amount for gift vouchers
   version   : 1.0
   vqmver    : 1.2.3
   author    : deejunit
Could not resolve path for [catalog/controller/checkout/voucher.php] (SKIPPED)
----------------------------------------------------------------------


---------- Date: 2013-09-26 14:26:12 ~ IP : 127.0.0.1 ----------
REQUEST URI : /opencart/index.php?route=product/product&amp;product_id=47
MOD DETAILS:
   modFile   : E:\wamp\www\opencart\vqmod/xml/alter_max_amount_for_gift_voucher.xml
   id        : Alter max amount for gift vouchers
   version   : 1.0
   vqmver    : 1.2.3
   author    : deejunit
Could not resolve path for [catalog/controller/checkout/voucher.php] (SKIPPED)
----------------------------------------------------------------------


---------- Date: 2013-09-26 14:26:12 ~ IP : 127.0.0.1 ----------
REQUEST URI : /opencart/index.php?route=product/product&amp;product_id=47
MOD DETAILS:
   modFile   : E:\wamp\www\opencart\vqmod/xml/alter_max_amount_for_gift_voucher.xml
   id        : Alter max amount for gift vouchers
   version   : 1.0
   vqmver    : 1.2.3
   author    : deejunit
Could not resolve path for [catalog/controller/checkout/voucher.php] (SKIPPED)
----------------------------------------------------------------------


---------- Date: 2013-09-26 14:27:09 ~ IP : 127.0.0.1 ----------
REQUEST URI : /opencart/index.php?route=product/product&amp;product_id=47
MOD DETAILS:
   modFile   : E:\wamp\www\opencart\vqmod/xml/alter_max_amount_for_gift_voucher.xml
   id        : Alter max amount for gift vouchers
   version   : 1.0
   vqmver    : 1.2.3
   author    : deejunit
Could not resolve path for [catalog/controller/checkout/voucher.php] (SKIPPED)
----------------------------------------------------------------------


---------- Date: 2013-09-26 14:34:51 ~ IP : 127.0.0.1 ----------
REQUEST URI : /opencart/index.php?route=product/product&amp;product_id=47
MOD DETAILS:
   modFile   : E:\wamp\www\opencart\vqmod/xml/alter_max_amount_for_gift_voucher.xml
   id        : Alter max amount for gift vouchers
   version   : 1.0
   vqmver    : 1.2.3
   author    : deejunit
Could not resolve path for [catalog/controller/checkout/voucher.php] (SKIPPED)
----------------------------------------------------------------------


---------- Date: 2013-09-26 14:34:53 ~ IP : 127.0.0.1 ----------
REQUEST URI : /opencart/index.php?route=product/product&amp;product_id=47
MOD DETAILS:
   modFile   : E:\wamp\www\opencart\vqmod/xml/alter_max_amount_for_gift_voucher.xml
   id        : Alter max amount for gift vouchers
   version   : 1.0
   vqmver    : 1.2.3
   author    : deejunit
Could not resolve path for [catalog/controller/checkout/voucher.php] (SKIPPED)
----------------------------------------------------------------------


---------- Date: 2013-09-26 14:44:02 ~ IP : 127.0.0.1 ----------
REQUEST URI : /opencart/index.php?route=product/product&amp;product_id=47
MOD DETAILS:
   modFile   : E:\wamp\www\opencart\vqmod/xml/alter_max_amount_for_gift_voucher.xml
   id        : Alter max amount for gift vouchers
   version   : 1.0
   vqmver    : 1.2.3
   author    : deejunit
Could not resolve path for [catalog/controller/checkout/voucher.php] (SKIPPED)
----------------------------------------------------------------------


---------- Date: 2013-09-26 14:57:49 ~ IP : 127.0.0.1 ----------
REQUEST URI : /opencart/index.php?route=product/product&amp;product_id=47
MOD DETAILS:
   modFile   : E:\wamp\www\opencart\vqmod/xml/alter_max_amount_for_gift_voucher.xml
   id        : Alter max amount for gift vouchers
   version   : 1.0
   vqmver    : 1.2.3
   author    : deejunit
Could not resolve path for [catalog/controller/checkout/voucher.php] (SKIPPED)
----------------------------------------------------------------------


---------- Date: 2013-09-26 15:00:46 ~ IP : 127.0.0.1 ----------
REQUEST URI : /opencart/index.php?route=product/product&amp;product_id=47
MOD DETAILS:
   modFile   : E:\wamp\www\opencart\vqmod/xml/alter_max_amount_for_gift_voucher.xml
   id        : Alter max amount for gift vouchers
   version   : 1.0
   vqmver    : 1.2.3
   author    : deejunit
Could not resolve path for [catalog/controller/checkout/voucher.php] (SKIPPED)
----------------------------------------------------------------------


---------- Date: 2013-09-26 15:21:05 ~ IP : 127.0.0.1 ----------
REQUEST URI : /opencart/index.php?route=product/product&amp;product_id=47
MOD DETAILS:
   modFile   : E:\wamp\www\opencart\vqmod/xml/alter_max_amount_for_gift_voucher.xml
   id        : Alter max amount for gift vouchers
   version   : 1.0
   vqmver    : 1.2.3
   author    : deejunit
Could not resolve path for [catalog/controller/checkout/voucher.php] (SKIPPED)
----------------------------------------------------------------------


---------- Date: 2013-09-26 15:24:35 ~ IP : 127.0.0.1 ----------
REQUEST URI : /opencart/index.php?route=product/product&amp;product_id=47
MOD DETAILS:
   modFile   : E:\wamp\www\opencart\vqmod/xml/alter_max_amount_for_gift_voucher.xml
   id        : Alter max amount for gift vouchers
   version   : 1.0
   vqmver    : 1.2.3
   author    : deejunit
Could not resolve path for [catalog/controller/checkout/voucher.php] (SKIPPED)
----------------------------------------------------------------------


---------- Date: 2013-09-26 15:24:51 ~ IP : 127.0.0.1 ----------
REQUEST URI : /opencart/index.php?route=product/product&amp;product_id=47
MOD DETAILS:
   modFile   : E:\wamp\www\opencart\vqmod/xml/alter_max_amount_for_gift_voucher.xml
   id        : Alter max amount for gift vouchers
   version   : 1.0
   vqmver    : 1.2.3
   author    : deejunit
Could not resolve path for [catalog/controller/checkout/voucher.php] (SKIPPED)
----------------------------------------------------------------------


---------- Date: 2013-09-26 15:27:35 ~ IP : 127.0.0.1 ----------
REQUEST URI : /opencart/admin/
MOD DETAILS:
   modFile   : E:\wamp\www\opencart\vqmod/xml/alter_max_amount_for_gift_voucher.xml
   id        : Alter max amount for gift vouchers
   version   : 1.0
   vqmver    : 1.2.3
   author    : deejunit
Could not resolve path for [catalog/controller/checkout/voucher.php] (SKIPPED)
----------------------------------------------------------------------


---------- Date: 2013-09-26 15:27:42 ~ IP : 127.0.0.1 ----------
REQUEST URI : /opencart/admin/index.php?route=common/login
MOD DETAILS:
   modFile   : E:\wamp\www\opencart\vqmod/xml/alter_max_amount_for_gift_voucher.xml
   id        : Alter max amount for gift vouchers
   version   : 1.0
   vqmver    : 1.2.3
   author    : deejunit
Could not resolve path for [catalog/controller/checkout/voucher.php] (SKIPPED)
----------------------------------------------------------------------


---------- Date: 2013-09-26 15:38:49 ~ IP : 127.0.0.1 ----------
REQUEST URI : /opencart/admin/index.php?route=common/login
MOD DETAILS:
   modFile   : E:\wamp\www\opencart\vqmod/xml/alter_max_amount_for_gift_voucher.xml
   id        : Alter max amount for gift vouchers
   version   : 1.0
   vqmver    : 1.2.3
   author    : deejunit
Could not resolve path for [catalog/controller/checkout/voucher.php] (SKIPPED)
----------------------------------------------------------------------


---------- Date: 2013-09-26 15:38:49 ~ IP : 127.0.0.1 ----------
REQUEST URI : /opencart/admin/index.php?route=common/login&amp;token=a6247d60a4c549dcd4dcb748a7c4c911
MOD DETAILS:
   modFile   : E:\wamp\www\opencart\vqmod/xml/alter_max_amount_for_gift_voucher.xml
   id        : Alter max amount for gift vouchers
   version   : 1.0
   vqmver    : 1.2.3
   author    : deejunit
Could not resolve path for [catalog/controller/checkout/voucher.php] (SKIPPED)
----------------------------------------------------------------------


---------- Date: 2013-09-26 15:38:51 ~ IP : 127.0.0.1 ----------
REQUEST URI : /opencart/admin/index.php?route=common/home&amp;token=a6247d60a4c549dcd4dcb748a7c4c911
MOD DETAILS:
   modFile   : E:\wamp\www\opencart\vqmod/xml/alter_max_amount_for_gift_voucher.xml
   id        : Alter max amount for gift vouchers
   version   : 1.0
   vqmver    : 1.2.3
   author    : deejunit
Could not resolve path for [catalog/controller/checkout/voucher.php] (SKIPPED)
----------------------------------------------------------------------


---------- Date: 2013-09-26 15:38:52 ~ IP : 127.0.0.1 ----------
REQUEST URI : /opencart/admin/index.php?route=common/home/chart&amp;token=a6247d60a4c549dcd4dcb748a7c4c911&amp;range=day
MOD DETAILS:
   modFile   : E:\wamp\www\opencart\vqmod/xml/alter_max_amount_for_gift_voucher.xml
   id        : Alter max amount for gift vouchers
   version   : 1.0
   vqmver    : 1.2.3
   author    : deejunit
Could not resolve path for [catalog/controller/checkout/voucher.php] (SKIPPED)
----------------------------------------------------------------------


---------- Date: 2013-09-26 15:39:46 ~ IP : 127.0.0.1 ----------
REQUEST URI : /opencart/admin/index.php?route=catalog/attribute&amp;token=a6247d60a4c549dcd4dcb748a7c4c911
MOD DETAILS:
   modFile   : E:\wamp\www\opencart\vqmod/xml/alter_max_amount_for_gift_voucher.xml
   id        : Alter max amount for gift vouchers
   version   : 1.0
   vqmver    : 1.2.3
   author    : deejunit
Could not resolve path for [catalog/controller/checkout/voucher.php] (SKIPPED)
----------------------------------------------------------------------


---------- Date: 2013-09-26 15:40:02 ~ IP : 127.0.0.1 ----------
REQUEST URI : /opencart/admin/index.php?route=catalog/product&amp;token=a6247d60a4c549dcd4dcb748a7c4c911
MOD DETAILS:
   modFile   : E:\wamp\www\opencart\vqmod/xml/alter_max_amount_for_gift_voucher.xml
   id        : Alter max amount for gift vouchers
   version   : 1.0
   vqmver    : 1.2.3
   author    : deejunit
Could not resolve path for [catalog/controller/checkout/voucher.php] (SKIPPED)
----------------------------------------------------------------------


---------- Date: 2013-09-26 15:40:08 ~ IP : 127.0.0.1 ----------
REQUEST URI : /opencart/admin/index.php?route=catalog/product/update&amp;token=a6247d60a4c549dcd4dcb748a7c4c911&amp;product_id=47
MOD DETAILS:
   modFile   : E:\wamp\www\opencart\vqmod/xml/alter_max_amount_for_gift_voucher.xml
   id        : Alter max amount for gift vouchers
   version   : 1.0
   vqmver    : 1.2.3
   author    : deejunit
Could not resolve path for [catalog/controller/checkout/voucher.php] (SKIPPED)
----------------------------------------------------------------------


---------- Date: 2013-09-26 16:07:23 ~ IP : 127.0.0.1 ----------
REQUEST URI : /opencart/admin/index.php?route=catalog/product/update&amp;token=a6247d60a4c549dcd4dcb748a7c4c911&amp;product_id=47
MOD DETAILS:
   modFile   : E:\wamp\www\opencart\vqmod/xml/alter_max_amount_for_gift_voucher.xml
   id        : Alter max amount for gift vouchers
   version   : 1.0
   vqmver    : 1.2.3
   author    : deejunit
Could not resolve path for [catalog/controller/checkout/voucher.php] (SKIPPED)
----------------------------------------------------------------------


---------- Date: 2013-09-26 16:11:40 ~ IP : 127.0.0.1 ----------
REQUEST URI : /opencart/admin/index.php?route=catalog/product/update&amp;token=a6247d60a4c549dcd4dcb748a7c4c911&amp;product_id=47
MOD DETAILS:
   modFile   : E:\wamp\www\opencart\vqmod/xml/alter_max_amount_for_gift_voucher.xml
   id        : Alter max amount for gift vouchers
   version   : 1.0
   vqmver    : 1.2.3
   author    : deejunit
Could not resolve path for [catalog/controller/checkout/voucher.php] (SKIPPED)
----------------------------------------------------------------------


---------- Date: 2013-09-26 16:13:58 ~ IP : 127.0.0.1 ----------
REQUEST URI : /opencart/admin/index.php?route=catalog/product&amp;token=a6247d60a4c549dcd4dcb748a7c4c911
MOD DETAILS:
   modFile   : E:\wamp\www\opencart\vqmod/xml/alter_max_amount_for_gift_voucher.xml
   id        : Alter max amount for gift vouchers
   version   : 1.0
   vqmver    : 1.2.3
   author    : deejunit
Could not resolve path for [catalog/controller/checkout/voucher.php] (SKIPPED)
----------------------------------------------------------------------


---------- Date: 2013-09-26 16:14:02 ~ IP : 127.0.0.1 ----------
REQUEST URI : /opencart/admin/index.php?route=catalog/product/insert&amp;token=a6247d60a4c549dcd4dcb748a7c4c911
MOD DETAILS:
   modFile   : E:\wamp\www\opencart\vqmod/xml/alter_max_amount_for_gift_voucher.xml
   id        : Alter max amount for gift vouchers
   version   : 1.0
   vqmver    : 1.2.3
   author    : deejunit
Could not resolve path for [catalog/controller/checkout/voucher.php] (SKIPPED)
----------------------------------------------------------------------


---------- Date: 2013-09-26 16:24:23 ~ IP : 127.0.0.1 ----------
REQUEST URI : /opencart/admin/index.php?route=catalog/product/insert&amp;token=a6247d60a4c549dcd4dcb748a7c4c911
MOD DETAILS:
   modFile   : E:\wamp\www\opencart\vqmod/xml/alter_max_amount_for_gift_voucher.xml
   id        : Alter max amount for gift vouchers
   version   : 1.0
   vqmver    : 1.2.3
   author    : deejunit
Could not resolve path for [catalog/controller/checkout/voucher.php] (SKIPPED)
----------------------------------------------------------------------


---------- Date: 2013-09-26 16:24:32 ~ IP : 127.0.0.1 ----------
REQUEST URI : /opencart/admin/index.php?route=catalog/product/update&amp;token=a6247d60a4c549dcd4dcb748a7c4c911&amp;product_id=47
MOD DETAILS:
   modFile   : E:\wamp\www\opencart\vqmod/xml/alter_max_amount_for_gift_voucher.xml
   id        : Alter max amount for gift vouchers
   version   : 1.0
   vqmver    : 1.2.3
   author    : deejunit
Could not resolve path for [catalog/controller/checkout/voucher.php] (SKIPPED)
----------------------------------------------------------------------


---------- Date: 2013-09-26 17:26:28 ~ IP : 127.0.0.1 ----------
REQUEST URI : /opencart/admin/index.php?route=catalog/product/update&amp;token=a6247d60a4c549dcd4dcb748a7c4c911&amp;product_id=47
MOD DETAILS:
   modFile   : E:\wamp\www\opencart\vqmod/xml/alter_max_amount_for_gift_voucher.xml
   id        : Alter max amount for gift vouchers
   version   : 1.0
   vqmver    : 1.2.3
   author    : deejunit
Could not resolve path for [catalog/controller/checkout/voucher.php] (SKIPPED)
----------------------------------------------------------------------


---------- Date: 2013-09-26 17:26:34 ~ IP : 127.0.0.1 ----------
REQUEST URI : /opencart/index.php?route=product/product&amp;product_id=47
MOD DETAILS:
   modFile   : E:\wamp\www\opencart\vqmod/xml/alter_max_amount_for_gift_voucher.xml
   id        : Alter max amount for gift vouchers
   version   : 1.0
   vqmver    : 1.2.3
   author    : deejunit
Could not resolve path for [catalog/controller/checkout/voucher.php] (SKIPPED)
----------------------------------------------------------------------


---------- Date: 2013-09-26 17:26:35 ~ IP : 127.0.0.1 ----------
REQUEST URI : /opencart/admin/index.php?route=catalog/product/insert&amp;token=a6247d60a4c549dcd4dcb748a7c4c911
MOD DETAILS:
   modFile   : E:\wamp\www\opencart\vqmod/xml/alter_max_amount_for_gift_voucher.xml
   id        : Alter max amount for gift vouchers
   version   : 1.0
   vqmver    : 1.2.3
   author    : deejunit
Could not resolve path for [catalog/controller/checkout/voucher.php] (SKIPPED)
----------------------------------------------------------------------


---------- Date: 2013-09-26 17:28:12 ~ IP : 127.0.0.1 ----------
REQUEST URI : /opencart/admin/index.php?route=catalog/product/update&amp;token=a6247d60a4c549dcd4dcb748a7c4c911&amp;product_id=47
MOD DETAILS:
   modFile   : E:\wamp\www\opencart\vqmod/xml/alter_max_amount_for_gift_voucher.xml
   id        : Alter max amount for gift vouchers
   version   : 1.0
   vqmver    : 1.2.3
   author    : deejunit
Could not resolve path for [catalog/controller/checkout/voucher.php] (SKIPPED)
----------------------------------------------------------------------


---------- Date: 2013-09-26 17:28:12 ~ IP : 127.0.0.1 ----------
REQUEST URI : /opencart/admin/index.php?route=catalog/product&amp;token=a6247d60a4c549dcd4dcb748a7c4c911
MOD DETAILS:
   modFile   : E:\wamp\www\opencart\vqmod/xml/alter_max_amount_for_gift_voucher.xml
   id        : Alter max amount for gift vouchers
   version   : 1.0
   vqmver    : 1.2.3
   author    : deejunit
Could not resolve path for [catalog/controller/checkout/voucher.php] (SKIPPED)
----------------------------------------------------------------------


---------- Date: 2013-09-26 17:28:16 ~ IP : 127.0.0.1 ----------
REQUEST URI : /opencart/admin/index.php?route=catalog/product/update&amp;token=a6247d60a4c549dcd4dcb748a7c4c911&amp;product_id=47
MOD DETAILS:
   modFile   : E:\wamp\www\opencart\vqmod/xml/alter_max_amount_for_gift_voucher.xml
   id        : Alter max amount for gift vouchers
   version   : 1.0
   vqmver    : 1.2.3
   author    : deejunit
Could not resolve path for [catalog/controller/checkout/voucher.php] (SKIPPED)
----------------------------------------------------------------------


---------- Date: 2013-09-26 17:28:34 ~ IP : 127.0.0.1 ----------
REQUEST URI : /opencart/admin/index.php?route=catalog/product&amp;token=a6247d60a4c549dcd4dcb748a7c4c911
MOD DETAILS:
   modFile   : E:\wamp\www\opencart\vqmod/xml/alter_max_amount_for_gift_voucher.xml
   id        : Alter max amount for gift vouchers
   version   : 1.0
   vqmver    : 1.2.3
   author    : deejunit
Could not resolve path for [catalog/controller/checkout/voucher.php] (SKIPPED)
----------------------------------------------------------------------


---------- Date: 2013-09-26 17:28:39 ~ IP : 127.0.0.1 ----------
REQUEST URI : /opencart/admin/index.php?route=catalog/product/insert&amp;token=a6247d60a4c549dcd4dcb748a7c4c911
MOD DETAILS:
   modFile   : E:\wamp\www\opencart\vqmod/xml/alter_max_amount_for_gift_voucher.xml
   id        : Alter max amount for gift vouchers
   version   : 1.0
   vqmver    : 1.2.3
   author    : deejunit
Could not resolve path for [catalog/controller/checkout/voucher.php] (SKIPPED)
----------------------------------------------------------------------


---------- Date: 2013-09-26 17:30:26 ~ IP : 127.0.0.1 ----------
REQUEST URI : /opencart/admin/index.php?route=common/filemanager&amp;token=a6247d60a4c549dcd4dcb748a7c4c911&amp;field=image
MOD DETAILS:
   modFile   : E:\wamp\www\opencart\vqmod/xml/alter_max_amount_for_gift_voucher.xml
   id        : Alter max amount for gift vouchers
   version   : 1.0
   vqmver    : 1.2.3
   author    : deejunit
Could not resolve path for [catalog/controller/checkout/voucher.php] (SKIPPED)
----------------------------------------------------------------------


---------- Date: 2013-09-26 17:30:27 ~ IP : 127.0.0.1 ----------
REQUEST URI : /opencart/admin/index.php?route=common/filemanager/files&amp;token=a6247d60a4c549dcd4dcb748a7c4c911
MOD DETAILS:
   modFile   : E:\wamp\www\opencart\vqmod/xml/alter_max_amount_for_gift_voucher.xml
   id        : Alter max amount for gift vouchers
   version   : 1.0
   vqmver    : 1.2.3
   author    : deejunit
Could not resolve path for [catalog/controller/checkout/voucher.php] (SKIPPED)
----------------------------------------------------------------------


---------- Date: 2013-09-26 17:30:27 ~ IP : 127.0.0.1 ----------
REQUEST URI : /opencart/admin/index.php?route=common/filemanager/image&amp;token=a6247d60a4c549dcd4dcb748a7c4c911&amp;image=data%2Flogo.png
MOD DETAILS:
   modFile   : E:\wamp\www\opencart\vqmod/xml/alter_max_amount_for_gift_voucher.xml
   id        : Alter max amount for gift vouchers
   version   : 1.0
   vqmver    : 1.2.3
   author    : deejunit
Could not resolve path for [catalog/controller/checkout/voucher.php] (SKIPPED)
----------------------------------------------------------------------


---------- Date: 2013-09-26 17:30:27 ~ IP : 127.0.0.1 ----------
REQUEST URI : /opencart/admin/index.php?route=common/filemanager/image&amp;token=a6247d60a4c549dcd4dcb748a7c4c911&amp;image=data%2Fcart.png
MOD DETAILS:
   modFile   : E:\wamp\www\opencart\vqmod/xml/alter_max_amount_for_gift_voucher.xml
   id        : Alter max amount for gift vouchers
   version   : 1.0
   vqmver    : 1.2.3
   author    : deejunit
Could not resolve path for [catalog/controller/checkout/voucher.php] (SKIPPED)
----------------------------------------------------------------------


---------- Date: 2013-09-26 17:30:27 ~ IP : 127.0.0.1 ----------
REQUEST URI : /opencart/admin/index.php?route=common/filemanager/image&amp;token=a6247d60a4c549dcd4dcb748a7c4c911&amp;image=data%2F247_PRAN_logo.jpg
MOD DETAILS:
   modFile   : E:\wamp\www\opencart\vqmod/xml/alter_max_amount_for_gift_voucher.xml
   id        : Alter max amount for gift vouchers
   version   : 1.0
   vqmver    : 1.2.3
   author    : deejunit
Could not resolve path for [catalog/controller/checkout/voucher.php] (SKIPPED)
----------------------------------------------------------------------


---------- Date: 2013-09-26 17:30:45 ~ IP : 127.0.0.1 ----------
REQUEST URI : /opencart/admin/index.php?route=common/filemanager/upload&amp;token=a6247d60a4c549dcd4dcb748a7c4c911
MOD DETAILS:
   modFile   : E:\wamp\www\opencart\vqmod/xml/alter_max_amount_for_gift_voucher.xml
   id        : Alter max amount for gift vouchers
   version   : 1.0
   vqmver    : 1.2.3
   author    : deejunit
Could not resolve path for [catalog/controller/checkout/voucher.php] (SKIPPED)
----------------------------------------------------------------------


---------- Date: 2013-09-26 17:31:42 ~ IP : 127.0.0.1 ----------
REQUEST URI : /opencart/admin/index.php?route=common/filemanager/upload&amp;token=a6247d60a4c549dcd4dcb748a7c4c911
MOD DETAILS:
   modFile   : E:\wamp\www\opencart\vqmod/xml/alter_max_amount_for_gift_voucher.xml
   id        : Alter max amount for gift vouchers
   version   : 1.0
   vqmver    : 1.2.3
   author    : deejunit
Could not resolve path for [catalog/controller/checkout/voucher.php] (SKIPPED)
----------------------------------------------------------------------


---------- Date: 2013-09-26 17:31:42 ~ IP : 127.0.0.1 ----------
REQUEST URI : /opencart/admin/index.php?route=common/filemanager/files&amp;token=a6247d60a4c549dcd4dcb748a7c4c911
MOD DETAILS:
   modFile   : E:\wamp\www\opencart\vqmod/xml/alter_max_amount_for_gift_voucher.xml
   id        : Alter max amount for gift vouchers
   version   : 1.0
   vqmver    : 1.2.3
   author    : deejunit
Could not resolve path for [catalog/controller/checkout/voucher.php] (SKIPPED)
----------------------------------------------------------------------


---------- Date: 2013-09-26 17:31:42 ~ IP : 127.0.0.1 ----------
REQUEST URI : /opencart/admin/index.php?route=common/filemanager/image&amp;token=a6247d60a4c549dcd4dcb748a7c4c911&amp;image=data%2F247_PRAN_logo.jpg
MOD DETAILS:
   modFile   : E:\wamp\www\opencart\vqmod/xml/alter_max_amount_for_gift_voucher.xml
   id        : Alter max amount for gift vouchers
   version   : 1.0
   vqmver    : 1.2.3
   author    : deejunit
Could not resolve path for [catalog/controller/checkout/voucher.php] (SKIPPED)
----------------------------------------------------------------------


---------- Date: 2013-09-26 17:31:42 ~ IP : 127.0.0.1 ----------
REQUEST URI : /opencart/admin/index.php?route=common/filemanager/image&amp;token=a6247d60a4c549dcd4dcb748a7c4c911&amp;image=data%2Fcart.png
MOD DETAILS:
   modFile   : E:\wamp\www\opencart\vqmod/xml/alter_max_amount_for_gift_voucher.xml
   id        : Alter max amount for gift vouchers
   version   : 1.0
   vqmver    : 1.2.3
   author    : deejunit
Could not resolve path for [catalog/controller/checkout/voucher.php] (SKIPPED)
----------------------------------------------------------------------


---------- Date: 2013-09-26 17:31:42 ~ IP : 127.0.0.1 ----------
REQUEST URI : /opencart/admin/index.php?route=common/filemanager/image&amp;token=a6247d60a4c549dcd4dcb748a7c4c911&amp;image=data%2FCapture.PNG
MOD DETAILS:
   modFile   : E:\wamp\www\opencart\vqmod/xml/alter_max_amount_for_gift_voucher.xml
   id        : Alter max amount for gift vouchers
   version   : 1.0
   vqmver    : 1.2.3
   author    : deejunit
Could not resolve path for [catalog/controller/checkout/voucher.php] (SKIPPED)
----------------------------------------------------------------------


---------- Date: 2013-09-26 17:31:42 ~ IP : 127.0.0.1 ----------
REQUEST URI : /opencart/admin/index.php?route=common/filemanager/image&amp;token=a6247d60a4c549dcd4dcb748a7c4c911&amp;image=data%2Flogo.png
MOD DETAILS:
   modFile   : E:\wamp\www\opencart\vqmod/xml/alter_max_amount_for_gift_voucher.xml
   id        : Alter max amount for gift vouchers
   version   : 1.0
   vqmver    : 1.2.3
   author    : deejunit
Could not resolve path for [catalog/controller/checkout/voucher.php] (SKIPPED)
----------------------------------------------------------------------


---------- Date: 2013-09-26 17:31:47 ~ IP : 127.0.0.1 ----------
REQUEST URI : /opencart/admin/index.php?route=common/filemanager/image&amp;token=a6247d60a4c549dcd4dcb748a7c4c911&amp;image=data%2FCapture.PNG
MOD DETAILS:
   modFile   : E:\wamp\www\opencart\vqmod/xml/alter_max_amount_for_gift_voucher.xml
   id        : Alter max amount for gift vouchers
   version   : 1.0
   vqmver    : 1.2.3
   author    : deejunit
Could not resolve path for [catalog/controller/checkout/voucher.php] (SKIPPED)
----------------------------------------------------------------------


---------- Date: 2013-09-26 17:32:14 ~ IP : 127.0.0.1 ----------
REQUEST URI : /opencart/admin/index.php?route=catalog/product/insert&amp;token=a6247d60a4c549dcd4dcb748a7c4c911
MOD DETAILS:
   modFile   : E:\wamp\www\opencart\vqmod/xml/alter_max_amount_for_gift_voucher.xml
   id        : Alter max amount for gift vouchers
   version   : 1.0
   vqmver    : 1.2.3
   author    : deejunit
Could not resolve path for [catalog/controller/checkout/voucher.php] (SKIPPED)
----------------------------------------------------------------------


---------- Date: 2013-09-26 17:41:01 ~ IP : 127.0.0.1 ----------
REQUEST URI : /opencart/admin/index.php?route=catalog/product/insert&amp;token=a6247d60a4c549dcd4dcb748a7c4c911
MOD DETAILS:
   modFile   : E:\wamp\www\opencart\vqmod/xml/alter_max_amount_for_gift_voucher.xml
   id        : Alter max amount for gift vouchers
   version   : 1.0
   vqmver    : 1.2.3
   author    : deejunit
Could not resolve path for [catalog/controller/checkout/voucher.php] (SKIPPED)
----------------------------------------------------------------------


---------- Date: 2013-09-26 17:41:01 ~ IP : 127.0.0.1 ----------
REQUEST URI : /opencart/admin/index.php?route=catalog/product&amp;token=a6247d60a4c549dcd4dcb748a7c4c911
MOD DETAILS:
   modFile   : E:\wamp\www\opencart\vqmod/xml/alter_max_amount_for_gift_voucher.xml
   id        : Alter max amount for gift vouchers
   version   : 1.0
   vqmver    : 1.2.3
   author    : deejunit
Could not resolve path for [catalog/controller/checkout/voucher.php] (SKIPPED)
----------------------------------------------------------------------


---------- Date: 2013-09-26 17:41:11 ~ IP : 127.0.0.1 ----------
REQUEST URI : /opencart/admin/index.php?route=catalog/product/update&amp;token=a6247d60a4c549dcd4dcb748a7c4c911&amp;product_id=51
MOD DETAILS:
   modFile   : E:\wamp\www\opencart\vqmod/xml/alter_max_amount_for_gift_voucher.xml
   id        : Alter max amount for gift vouchers
   version   : 1.0
   vqmver    : 1.2.3
   author    : deejunit
Could not resolve path for [catalog/controller/checkout/voucher.php] (SKIPPED)
----------------------------------------------------------------------


---------- Date: 2013-09-26 17:47:15 ~ IP : 127.0.0.1 ----------
REQUEST URI : /opencart/admin/index.php?route=catalog/product&amp;token=a6247d60a4c549dcd4dcb748a7c4c911
MOD DETAILS:
   modFile   : E:\wamp\www\opencart\vqmod/xml/alter_max_amount_for_gift_voucher.xml
   id        : Alter max amount for gift vouchers
   version   : 1.0
   vqmver    : 1.2.3
   author    : deejunit
Could not resolve path for [catalog/controller/checkout/voucher.php] (SKIPPED)
----------------------------------------------------------------------


---------- Date: 2013-09-26 17:47:19 ~ IP : 127.0.0.1 ----------
REQUEST URI : /opencart/admin/index.php?route=catalog/product/update&amp;token=a6247d60a4c549dcd4dcb748a7c4c911&amp;product_id=51
MOD DETAILS:
   modFile   : E:\wamp\www\opencart\vqmod/xml/alter_max_amount_for_gift_voucher.xml
   id        : Alter max amount for gift vouchers
   version   : 1.0
   vqmver    : 1.2.3
   author    : deejunit
Could not resolve path for [catalog/controller/checkout/voucher.php] (SKIPPED)
----------------------------------------------------------------------


---------- Date: 2013-09-26 17:50:48 ~ IP : 127.0.0.1 ----------
REQUEST URI : /opencart/admin/index.php?route=catalog/product/update&amp;token=a6247d60a4c549dcd4dcb748a7c4c911&amp;product_id=51
MOD DETAILS:
   modFile   : E:\wamp\www\opencart\vqmod/xml/alter_max_amount_for_gift_voucher.xml
   id        : Alter max amount for gift vouchers
   version   : 1.0
   vqmver    : 1.2.3
   author    : deejunit
Could not resolve path for [catalog/controller/checkout/voucher.php] (SKIPPED)
----------------------------------------------------------------------


---------- Date: 2013-09-26 18:00:18 ~ IP : 127.0.0.1 ----------
REQUEST URI : /opencart/index.php?route=product/product&amp;product_id=47
MOD DETAILS:
   modFile   : E:\wamp\www\opencart\vqmod/xml/alter_max_amount_for_gift_voucher.xml
   id        : Alter max amount for gift vouchers
   version   : 1.0
   vqmver    : 1.2.3
   author    : deejunit
Could not resolve path for [catalog/controller/checkout/voucher.php] (SKIPPED)
----------------------------------------------------------------------


---------- Date: 2013-09-26 18:01:28 ~ IP : 127.0.0.1 ----------
REQUEST URI : /opencart/index.php?route=product/product&amp;product_id=47
MOD DETAILS:
   modFile   : E:\wamp\www\opencart\vqmod/xml/alter_max_amount_for_gift_voucher.xml
   id        : Alter max amount for gift vouchers
   version   : 1.0
   vqmver    : 1.2.3
   author    : deejunit
Could not resolve path for [catalog/controller/checkout/voucher.php] (SKIPPED)
----------------------------------------------------------------------


---------- Date: 2013-09-26 18:01:45 ~ IP : 127.0.0.1 ----------
REQUEST URI : /opencart/index.php?route=product/product&amp;product_id=47
MOD DETAILS:
   modFile   : E:\wamp\www\opencart\vqmod/xml/alter_max_amount_for_gift_voucher.xml
   id        : Alter max amount for gift vouchers
   version   : 1.0
   vqmver    : 1.2.3
   author    : deejunit
Could not resolve path for [catalog/controller/checkout/voucher.php] (SKIPPED)
----------------------------------------------------------------------


---------- Date: 2013-09-26 18:02:39 ~ IP : 127.0.0.1 ----------
REQUEST URI : /opencart/admin/index.php?route=catalog/product&amp;token=a6247d60a4c549dcd4dcb748a7c4c911
MOD DETAILS:
   modFile   : E:\wamp\www\opencart\vqmod/xml/alter_max_amount_for_gift_voucher.xml
   id        : Alter max amount for gift vouchers
   version   : 1.0
   vqmver    : 1.2.3
   author    : deejunit
Could not resolve path for [catalog/controller/checkout/voucher.php] (SKIPPED)
----------------------------------------------------------------------


---------- Date: 2013-09-26 18:02:43 ~ IP : 127.0.0.1 ----------
REQUEST URI : /opencart/admin/index.php?route=catalog/product/update&amp;token=a6247d60a4c549dcd4dcb748a7c4c911&amp;product_id=47
MOD DETAILS:
   modFile   : E:\wamp\www\opencart\vqmod/xml/alter_max_amount_for_gift_voucher.xml
   id        : Alter max amount for gift vouchers
   version   : 1.0
   vqmver    : 1.2.3
   author    : deejunit
Could not resolve path for [catalog/controller/checkout/voucher.php] (SKIPPED)
----------------------------------------------------------------------


---------- Date: 2013-09-26 18:03:12 ~ IP : 127.0.0.1 ----------
REQUEST URI : /opencart/admin/index.php?route=catalog/product&amp;token=a6247d60a4c549dcd4dcb748a7c4c911
MOD DETAILS:
   modFile   : E:\wamp\www\opencart\vqmod/xml/alter_max_amount_for_gift_voucher.xml
   id        : Alter max amount for gift vouchers
   version   : 1.0
   vqmver    : 1.2.3
   author    : deejunit
Could not resolve path for [catalog/controller/checkout/voucher.php] (SKIPPED)
----------------------------------------------------------------------


---------- Date: 2013-09-26 18:03:19 ~ IP : 127.0.0.1 ----------
REQUEST URI : /opencart/admin/index.php?route=catalog/product/update&amp;token=a6247d60a4c549dcd4dcb748a7c4c911&amp;product_id=51
MOD DETAILS:
   modFile   : E:\wamp\www\opencart\vqmod/xml/alter_max_amount_for_gift_voucher.xml
   id        : Alter max amount for gift vouchers
   version   : 1.0
   vqmver    : 1.2.3
   author    : deejunit
Could not resolve path for [catalog/controller/checkout/voucher.php] (SKIPPED)
----------------------------------------------------------------------


---------- Date: 2013-09-26 18:03:37 ~ IP : 127.0.0.1 ----------
REQUEST URI : /opencart/admin/index.php?route=catalog/category/autocomplete&amp;token=a6247d60a4c549dcd4dcb748a7c4c911&amp;filter_name=ma
MOD DETAILS:
   modFile   : E:\wamp\www\opencart\vqmod/xml/alter_max_amount_for_gift_voucher.xml
   id        : Alter max amount for gift vouchers
   version   : 1.0
   vqmver    : 1.2.3
   author    : deejunit
Could not resolve path for [catalog/controller/checkout/voucher.php] (SKIPPED)
----------------------------------------------------------------------


---------- Date: 2013-09-26 18:03:38 ~ IP : 127.0.0.1 ----------
REQUEST URI : /opencart/admin/index.php?route=catalog/category/autocomplete&amp;token=a6247d60a4c549dcd4dcb748a7c4c911&amp;filter_name=mac
MOD DETAILS:
   modFile   : E:\wamp\www\opencart\vqmod/xml/alter_max_amount_for_gift_voucher.xml
   id        : Alter max amount for gift vouchers
   version   : 1.0
   vqmver    : 1.2.3
   author    : deejunit
Could not resolve path for [catalog/controller/checkout/voucher.php] (SKIPPED)
----------------------------------------------------------------------


---------- Date: 2013-09-26 18:03:43 ~ IP : 127.0.0.1 ----------
REQUEST URI : /opencart/admin/index.php?route=catalog/product/update&amp;token=a6247d60a4c549dcd4dcb748a7c4c911&amp;product_id=51
MOD DETAILS:
   modFile   : E:\wamp\www\opencart\vqmod/xml/alter_max_amount_for_gift_voucher.xml
   id        : Alter max amount for gift vouchers
   version   : 1.0
   vqmver    : 1.2.3
   author    : deejunit
Could not resolve path for [catalog/controller/checkout/voucher.php] (SKIPPED)
----------------------------------------------------------------------


---------- Date: 2013-09-26 18:03:43 ~ IP : 127.0.0.1 ----------
REQUEST URI : /opencart/admin/index.php?route=catalog/product&amp;token=a6247d60a4c549dcd4dcb748a7c4c911
MOD DETAILS:
   modFile   : E:\wamp\www\opencart\vqmod/xml/alter_max_amount_for_gift_voucher.xml
   id        : Alter max amount for gift vouchers
   version   : 1.0
   vqmver    : 1.2.3
   author    : deejunit
Could not resolve path for [catalog/controller/checkout/voucher.php] (SKIPPED)
----------------------------------------------------------------------


---------- Date: 2013-09-26 18:03:48 ~ IP : 127.0.0.1 ----------
REQUEST URI : /opencart/index.php?route=product/category&amp;path=18_46
MOD DETAILS:
   modFile   : E:\wamp\www\opencart\vqmod/xml/alter_max_amount_for_gift_voucher.xml
   id        : Alter max amount for gift vouchers
   version   : 1.0
   vqmver    : 1.2.3
   author    : deejunit
Could not resolve path for [catalog/controller/checkout/voucher.php] (SKIPPED)
----------------------------------------------------------------------


---------- Date: 2013-09-26 18:03:58 ~ IP : 127.0.0.1 ----------
REQUEST URI : /opencart/admin/index.php?route=catalog/product/update&amp;token=a6247d60a4c549dcd4dcb748a7c4c911&amp;product_id=51
MOD DETAILS:
   modFile   : E:\wamp\www\opencart\vqmod/xml/alter_max_amount_for_gift_voucher.xml
   id        : Alter max amount for gift vouchers
   version   : 1.0
   vqmver    : 1.2.3
   author    : deejunit
Could not resolve path for [catalog/controller/checkout/voucher.php] (SKIPPED)
----------------------------------------------------------------------


---------- Date: 2013-09-26 18:04:15 ~ IP : 127.0.0.1 ----------
REQUEST URI : /opencart/index.php?route=product/category&amp;path=20_27
MOD DETAILS:
   modFile   : E:\wamp\www\opencart\vqmod/xml/alter_max_amount_for_gift_voucher.xml
   id        : Alter max amount for gift vouchers
   version   : 1.0
   vqmver    : 1.2.3
   author    : deejunit
Could not resolve path for [catalog/controller/checkout/voucher.php] (SKIPPED)
----------------------------------------------------------------------


---------- Date: 2013-09-26 18:04:18 ~ IP : 127.0.0.1 ----------
REQUEST URI : /opencart/index.php?route=product/product&amp;path=20_27&amp;product_id=51
MOD DETAILS:
   modFile   : E:\wamp\www\opencart\vqmod/xml/alter_max_amount_for_gift_voucher.xml
   id        : Alter max amount for gift vouchers
   version   : 1.0
   vqmver    : 1.2.3
   author    : deejunit
Could not resolve path for [catalog/controller/checkout/voucher.php] (SKIPPED)
----------------------------------------------------------------------


---------- Date: 2013-09-26 18:06:06 ~ IP : 127.0.0.1 ----------
REQUEST URI : /opencart/index.php?route=product/product&amp;path=20_27&amp;product_id=51
MOD DETAILS:
   modFile   : E:\wamp\www\opencart\vqmod/xml/alter_max_amount_for_gift_voucher.xml
   id        : Alter max amount for gift vouchers
   version   : 1.0
   vqmver    : 1.2.3
   author    : deejunit
Could not resolve path for [catalog/controller/checkout/voucher.php] (SKIPPED)
----------------------------------------------------------------------


---------- Date: 2013-09-26 18:06:57 ~ IP : 127.0.0.1 ----------
REQUEST URI : /opencart/admin/index.php?route=catalog/product/update&amp;token=a6247d60a4c549dcd4dcb748a7c4c911&amp;product_id=51
MOD DETAILS:
   modFile   : E:\wamp\www\opencart\vqmod/xml/alter_max_amount_for_gift_voucher.xml
   id        : Alter max amount for gift vouchers
   version   : 1.0
   vqmver    : 1.2.3
   author    : deejunit
Could not resolve path for [catalog/controller/checkout/voucher.php] (SKIPPED)
----------------------------------------------------------------------


---------- Date: 2013-09-26 18:06:57 ~ IP : 127.0.0.1 ----------
REQUEST URI : /opencart/admin/index.php?route=catalog/product&amp;token=a6247d60a4c549dcd4dcb748a7c4c911
MOD DETAILS:
   modFile   : E:\wamp\www\opencart\vqmod/xml/alter_max_amount_for_gift_voucher.xml
   id        : Alter max amount for gift vouchers
   version   : 1.0
   vqmver    : 1.2.3
   author    : deejunit
Could not resolve path for [catalog/controller/checkout/voucher.php] (SKIPPED)
----------------------------------------------------------------------


---------- Date: 2013-09-26 18:07:01 ~ IP : 127.0.0.1 ----------
REQUEST URI : /opencart/admin/index.php?route=catalog/product/update&amp;token=a6247d60a4c549dcd4dcb748a7c4c911&amp;product_id=51
MOD DETAILS:
   modFile   : E:\wamp\www\opencart\vqmod/xml/alter_max_amount_for_gift_voucher.xml
   id        : Alter max amount for gift vouchers
   version   : 1.0
   vqmver    : 1.2.3
   author    : deejunit
Could not resolve path for [catalog/controller/checkout/voucher.php] (SKIPPED)
----------------------------------------------------------------------


---------- Date: 2013-09-26 18:10:36 ~ IP : 127.0.0.1 ----------
REQUEST URI : /opencart/index.php?route=product/product&amp;path=20_27&amp;product_id=51
MOD DETAILS:
   modFile   : E:\wamp\www\opencart\vqmod/xml/alter_max_amount_for_gift_voucher.xml
   id        : Alter max amount for gift vouchers
   version   : 1.0
   vqmver    : 1.2.3
   author    : deejunit
Could not resolve path for [catalog/controller/checkout/voucher.php] (SKIPPED)
----------------------------------------------------------------------


---------- Date: 2013-09-26 18:11:43 ~ IP : 127.0.0.1 ----------
REQUEST URI : /opencart/admin/index.php?route=catalog/product/update&amp;token=a6247d60a4c549dcd4dcb748a7c4c911&amp;product_id=51
MOD DETAILS:
   modFile   : E:\wamp\www\opencart\vqmod/xml/alter_max_amount_for_gift_voucher.xml
   id        : Alter max amount for gift vouchers
   version   : 1.0
   vqmver    : 1.2.3
   author    : deejunit
Could not resolve path for [catalog/controller/checkout/voucher.php] (SKIPPED)
----------------------------------------------------------------------


---------- Date: 2013-09-26 18:11:43 ~ IP : 127.0.0.1 ----------
REQUEST URI : /opencart/admin/index.php?route=catalog/product&amp;token=a6247d60a4c549dcd4dcb748a7c4c911
MOD DETAILS:
   modFile   : E:\wamp\www\opencart\vqmod/xml/alter_max_amount_for_gift_voucher.xml
   id        : Alter max amount for gift vouchers
   version   : 1.0
   vqmver    : 1.2.3
   author    : deejunit
Could not resolve path for [catalog/controller/checkout/voucher.php] (SKIPPED)
----------------------------------------------------------------------


---------- Date: 2013-09-26 18:12:17 ~ IP : 127.0.0.1 ----------
REQUEST URI : /opencart/admin/index.php?route=catalog/product/autocomplete&amp;token=a6247d60a4c549dcd4dcb748a7c4c911&amp;filter_name=%E0%A6%A6%E0%A7%81%E0%A6%B2
MOD DETAILS:
   modFile   : E:\wamp\www\opencart\vqmod/xml/alter_max_amount_for_gift_voucher.xml
   id        : Alter max amount for gift vouchers
   version   : 1.0
   vqmver    : 1.2.3
   author    : deejunit
Could not resolve path for [catalog/controller/checkout/voucher.php] (SKIPPED)
----------------------------------------------------------------------


---------- Date: 2013-09-26 18:12:19 ~ IP : 127.0.0.1 ----------
REQUEST URI : /opencart/admin/index.php?route=catalog/product&amp;token=a6247d60a4c549dcd4dcb748a7c4c911&amp;filter_name=%E0%A6%A6%E0%A7%81%E0%A6%B2
MOD DETAILS:
   modFile   : E:\wamp\www\opencart\vqmod/xml/alter_max_amount_for_gift_voucher.xml
   id        : Alter max amount for gift vouchers
   version   : 1.0
   vqmver    : 1.2.3
   author    : deejunit
Could not resolve path for [catalog/controller/checkout/voucher.php] (SKIPPED)
----------------------------------------------------------------------


---------- Date: 2013-09-26 18:12:23 ~ IP : 127.0.0.1 ----------
REQUEST URI : /opencart/admin/index.php?route=catalog/product/update&amp;token=a6247d60a4c549dcd4dcb748a7c4c911&amp;product_id=51&amp;filter_name=%E0%A6%A6%E0%A7%81%E0%A6%B2
MOD DETAILS:
   modFile   : E:\wamp\www\opencart\vqmod/xml/alter_max_amount_for_gift_voucher.xml
   id        : Alter max amount for gift vouchers
   version   : 1.0
   vqmver    : 1.2.3
   author    : deejunit
Could not resolve path for [catalog/controller/checkout/voucher.php] (SKIPPED)
----------------------------------------------------------------------


---------- Date: 2013-09-26 18:14:40 ~ IP : 127.0.0.1 ----------
REQUEST URI : /opencart/admin/index.php?route=catalog/product/update&amp;token=a6247d60a4c549dcd4dcb748a7c4c911&amp;product_id=51&amp;filter_name=%E0%A6%A6%E0%A7%81%E0%A6%B2
MOD DETAILS:
   modFile   : E:\wamp\www\opencart\vqmod/xml/alter_max_amount_for_gift_voucher.xml
   id        : Alter max amount for gift vouchers
   version   : 1.0
   vqmver    : 1.2.3
   author    : deejunit
Could not resolve path for [catalog/controller/checkout/voucher.php] (SKIPPED)
----------------------------------------------------------------------


---------- Date: 2013-09-26 18:14:40 ~ IP : 127.0.0.1 ----------
REQUEST URI : /opencart/admin/index.php?route=catalog/product&amp;token=a6247d60a4c549dcd4dcb748a7c4c911&amp;filter_name=%E0%A6%A6%E0%A7%81%E0%A6%B2
MOD DETAILS:
   modFile   : E:\wamp\www\opencart\vqmod/xml/alter_max_amount_for_gift_voucher.xml
   id        : Alter max amount for gift vouchers
   version   : 1.0
   vqmver    : 1.2.3
   author    : deejunit
Could not resolve path for [catalog/controller/checkout/voucher.php] (SKIPPED)
----------------------------------------------------------------------


---------- Date: 2013-09-26 18:14:44 ~ IP : 127.0.0.1 ----------
REQUEST URI : /opencart/admin/index.php?route=catalog/product/update&amp;token=a6247d60a4c549dcd4dcb748a7c4c911&amp;product_id=51&amp;filter_name=%E0%A6%A6%E0%A7%81%E0%A6%B2
MOD DETAILS:
   modFile   : E:\wamp\www\opencart\vqmod/xml/alter_max_amount_for_gift_voucher.xml
   id        : Alter max amount for gift vouchers
   version   : 1.0
   vqmver    : 1.2.3
   author    : deejunit
Could not resolve path for [catalog/controller/checkout/voucher.php] (SKIPPED)
----------------------------------------------------------------------


---------- Date: 2013-09-26 18:14:50 ~ IP : 127.0.0.1 ----------
REQUEST URI : /opencart/index.php?route=product/product&amp;path=20_27&amp;product_id=51
MOD DETAILS:
   modFile   : E:\wamp\www\opencart\vqmod/xml/alter_max_amount_for_gift_voucher.xml
   id        : Alter max amount for gift vouchers
   version   : 1.0
   vqmver    : 1.2.3
   author    : deejunit
Could not resolve path for [catalog/controller/checkout/voucher.php] (SKIPPED)
----------------------------------------------------------------------


---------- Date: 2013-09-26 18:15:08 ~ IP : 127.0.0.1 ----------
REQUEST URI : /opencart/admin/index.php?route=catalog/product/update&amp;token=a6247d60a4c549dcd4dcb748a7c4c911&amp;product_id=51&amp;filter_name=%E0%A6%A6%E0%A7%81%E0%A6%B2
MOD DETAILS:
   modFile   : E:\wamp\www\opencart\vqmod/xml/alter_max_amount_for_gift_voucher.xml
   id        : Alter max amount for gift vouchers
   version   : 1.0
   vqmver    : 1.2.3
   author    : deejunit
Could not resolve path for [catalog/controller/checkout/voucher.php] (SKIPPED)
----------------------------------------------------------------------


---------- Date: 2013-09-26 18:15:08 ~ IP : 127.0.0.1 ----------
REQUEST URI : /opencart/admin/index.php?route=catalog/product&amp;token=a6247d60a4c549dcd4dcb748a7c4c911&amp;filter_name=%E0%A6%A6%E0%A7%81%E0%A6%B2
MOD DETAILS:
   modFile   : E:\wamp\www\opencart\vqmod/xml/alter_max_amount_for_gift_voucher.xml
   id        : Alter max amount for gift vouchers
   version   : 1.0
   vqmver    : 1.2.3
   author    : deejunit
Could not resolve path for [catalog/controller/checkout/voucher.php] (SKIPPED)
----------------------------------------------------------------------


---------- Date: 2013-09-26 18:15:12 ~ IP : 127.0.0.1 ----------
REQUEST URI : /opencart/admin/index.php?route=catalog/product/update&amp;token=a6247d60a4c549dcd4dcb748a7c4c911&amp;product_id=51&amp;filter_name=%E0%A6%A6%E0%A7%81%E0%A6%B2
MOD DETAILS:
   modFile   : E:\wamp\www\opencart\vqmod/xml/alter_max_amount_for_gift_voucher.xml
   id        : Alter max amount for gift vouchers
   version   : 1.0
   vqmver    : 1.2.3
   author    : deejunit
Could not resolve path for [catalog/controller/checkout/voucher.php] (SKIPPED)
----------------------------------------------------------------------


---------- Date: 2013-09-26 18:16:48 ~ IP : 127.0.0.1 ----------
REQUEST URI : /opencart/index.php?route=product/category&amp;path=20_27
MOD DETAILS:
   modFile   : E:\wamp\www\opencart\vqmod/xml/alter_max_amount_for_gift_voucher.xml
   id        : Alter max amount for gift vouchers
   version   : 1.0
   vqmver    : 1.2.3
   author    : deejunit
Could not resolve path for [catalog/controller/checkout/voucher.php] (SKIPPED)
----------------------------------------------------------------------


---------- Date: 2013-09-26 18:16:51 ~ IP : 127.0.0.1 ----------
REQUEST URI : /opencart/index.php?route=product/product&amp;path=20_27&amp;product_id=41
MOD DETAILS:
   modFile   : E:\wamp\www\opencart\vqmod/xml/alter_max_amount_for_gift_voucher.xml
   id        : Alter max amount for gift vouchers
   version   : 1.0
   vqmver    : 1.2.3
   author    : deejunit
Could not resolve path for [catalog/controller/checkout/voucher.php] (SKIPPED)
----------------------------------------------------------------------


---------- Date: 2013-09-26 18:17:32 ~ IP : 127.0.0.1 ----------
REQUEST URI : /opencart/index.php?route=product/product&amp;path=20_27&amp;product_id=41
MOD DETAILS:
   modFile   : E:\wamp\www\opencart\vqmod/xml/alter_max_amount_for_gift_voucher.xml
   id        : Alter max amount for gift vouchers
   version   : 1.0
   vqmver    : 1.2.3
   author    : deejunit
Could not resolve path for [catalog/controller/checkout/voucher.php] (SKIPPED)
----------------------------------------------------------------------


---------- Date: 2013-09-26 18:17:54 ~ IP : 127.0.0.1 ----------
REQUEST URI : /opencart/index.php?route=product/product&amp;path=20_27&amp;product_id=41
MOD DETAILS:
   modFile   : E:\wamp\www\opencart\vqmod/xml/alter_max_amount_for_gift_voucher.xml
   id        : Alter max amount for gift vouchers
   version   : 1.0
   vqmver    : 1.2.3
   author    : deejunit
Could not resolve path for [catalog/controller/checkout/voucher.php] (SKIPPED)
----------------------------------------------------------------------


---------- Date: 2013-09-26 18:17:59 ~ IP : 127.0.0.1 ----------
REQUEST URI : /opencart/index.php?route=product/category&amp;path=20_27
MOD DETAILS:
   modFile   : E:\wamp\www\opencart\vqmod/xml/alter_max_amount_for_gift_voucher.xml
   id        : Alter max amount for gift vouchers
   version   : 1.0
   vqmver    : 1.2.3
   author    : deejunit
Could not resolve path for [catalog/controller/checkout/voucher.php] (SKIPPED)
----------------------------------------------------------------------


---------- Date: 2013-09-26 18:18:02 ~ IP : 127.0.0.1 ----------
REQUEST URI : /opencart/index.php?route=product/product&amp;path=20_27&amp;product_id=51
MOD DETAILS:
   modFile   : E:\wamp\www\opencart\vqmod/xml/alter_max_amount_for_gift_voucher.xml
   id        : Alter max amount for gift vouchers
   version   : 1.0
   vqmver    : 1.2.3
   author    : deejunit
Could not resolve path for [catalog/controller/checkout/voucher.php] (SKIPPED)
----------------------------------------------------------------------


---------- Date: 2013-09-26 18:18:15 ~ IP : 127.0.0.1 ----------
REQUEST URI : /opencart/index.php?route=product/product&amp;path=20_27&amp;product_id=51
MOD DETAILS:
   modFile   : E:\wamp\www\opencart\vqmod/xml/alter_max_amount_for_gift_voucher.xml
   id        : Alter max amount for gift vouchers
   version   : 1.0
   vqmver    : 1.2.3
   author    : deejunit
Could not resolve path for [catalog/controller/checkout/voucher.php] (SKIPPED)
----------------------------------------------------------------------


---------- Date: 2013-09-26 18:18:19 ~ IP : 127.0.0.1 ----------
REQUEST URI : /opencart/index.php?route=product/category&amp;path=20_27
MOD DETAILS:
   modFile   : E:\wamp\www\opencart\vqmod/xml/alter_max_amount_for_gift_voucher.xml
   id        : Alter max amount for gift vouchers
   version   : 1.0
   vqmver    : 1.2.3
   author    : deejunit
Could not resolve path for [catalog/controller/checkout/voucher.php] (SKIPPED)
----------------------------------------------------------------------


---------- Date: 2013-09-26 18:18:21 ~ IP : 127.0.0.1 ----------
REQUEST URI : /opencart/index.php?route=product/product&amp;path=20_27&amp;product_id=41
MOD DETAILS:
   modFile   : E:\wamp\www\opencart\vqmod/xml/alter_max_amount_for_gift_voucher.xml
   id        : Alter max amount for gift vouchers
   version   : 1.0
   vqmver    : 1.2.3
   author    : deejunit
Could not resolve path for [catalog/controller/checkout/voucher.php] (SKIPPED)
----------------------------------------------------------------------


---------- Date: 2013-09-26 18:18:25 ~ IP : 127.0.0.1 ----------
REQUEST URI : /opencart/index.php?route=product/category&amp;path=20_27
MOD DETAILS:
   modFile   : E:\wamp\www\opencart\vqmod/xml/alter_max_amount_for_gift_voucher.xml
   id        : Alter max amount for gift vouchers
   version   : 1.0
   vqmver    : 1.2.3
   author    : deejunit
Could not resolve path for [catalog/controller/checkout/voucher.php] (SKIPPED)
----------------------------------------------------------------------


---------- Date: 2013-09-26 18:18:28 ~ IP : 127.0.0.1 ----------
REQUEST URI : /opencart/index.php?route=product/product&amp;path=20_27&amp;product_id=51
MOD DETAILS:
   modFile   : E:\wamp\www\opencart\vqmod/xml/alter_max_amount_for_gift_voucher.xml
   id        : Alter max amount for gift vouchers
   version   : 1.0
   vqmver    : 1.2.3
   author    : deejunit
Could not resolve path for [catalog/controller/checkout/voucher.php] (SKIPPED)
----------------------------------------------------------------------


