---------- Date: 2013-08-20 13:59:26 ~ IP : 127.0.0.1 ----------
REQUEST URI : /opencart/admin/index.php?route=localisation/weight_class&amp;token=107f43d9918f90cef27c490643a7904d
MOD DETAILS:
   modFile   : E:\wamp\www\opencart\vqmod/xml/alter_max_amount_for_gift_voucher.xml
   id        : Alter max amount for gift vouchers
   version   : 1.0
   vqmver    : 1.2.3
   author    : deejunit
Could not resolve path for [catalog/controller/checkout/voucher.php] (SKIPPED)
----------------------------------------------------------------------


---------- Date: 2013-08-20 14:04:38 ~ IP : 127.0.0.1 ----------
REQUEST URI : /opencart/admin/index.php?route=catalog/manufacturer&amp;token=107f43d9918f90cef27c490643a7904d
MOD DETAILS:
   modFile   : E:\wamp\www\opencart\vqmod/xml/alter_max_amount_for_gift_voucher.xml
   id        : Alter max amount for gift vouchers
   version   : 1.0
   vqmver    : 1.2.3
   author    : deejunit
Could not resolve path for [catalog/controller/checkout/voucher.php] (SKIPPED)
----------------------------------------------------------------------


---------- Date: 2013-08-20 14:04:43 ~ IP : 127.0.0.1 ----------
REQUEST URI : /opencart/index.php?route=product/product&amp;product_id=49
MOD DETAILS:
   modFile   : E:\wamp\www\opencart\vqmod/xml/alter_max_amount_for_gift_voucher.xml
   id        : Alter max amount for gift vouchers
   version   : 1.0
   vqmver    : 1.2.3
   author    : deejunit
Could not resolve path for [catalog/controller/checkout/voucher.php] (SKIPPED)
----------------------------------------------------------------------


---------- Date: 2013-08-20 14:04:44 ~ IP : 127.0.0.1 ----------
REQUEST URI : /opencart/index.php?route=product/category&amp;path=20&amp;sort=pd.name&amp;order=ASC&amp;limit=50
MOD DETAILS:
   modFile   : E:\wamp\www\opencart\vqmod/xml/alter_max_amount_for_gift_voucher.xml
   id        : Alter max amount for gift vouchers
   version   : 1.0
   vqmver    : 1.2.3
   author    : deejunit
Could not resolve path for [catalog/controller/checkout/voucher.php] (SKIPPED)
----------------------------------------------------------------------


---------- Date: 2013-08-20 14:04:47 ~ IP : 127.0.0.1 ----------
REQUEST URI : /opencart/index.php?route=common/home
MOD DETAILS:
   modFile   : E:\wamp\www\opencart\vqmod/xml/alter_max_amount_for_gift_voucher.xml
   id        : Alter max amount for gift vouchers
   version   : 1.0
   vqmver    : 1.2.3
   author    : deejunit
Could not resolve path for [catalog/controller/checkout/voucher.php] (SKIPPED)
----------------------------------------------------------------------


---------- Date: 2013-08-20 14:04:57 ~ IP : 127.0.0.1 ----------
REQUEST URI : /opencart/admin/index.php?route=catalog/manufacturer/update&amp;token=107f43d9918f90cef27c490643a7904d&amp;manufacturer_id=9
MOD DETAILS:
   modFile   : E:\wamp\www\opencart\vqmod/xml/alter_max_amount_for_gift_voucher.xml
   id        : Alter max amount for gift vouchers
   version   : 1.0
   vqmver    : 1.2.3
   author    : deejunit
Could not resolve path for [catalog/controller/checkout/voucher.php] (SKIPPED)
----------------------------------------------------------------------


---------- Date: 2013-08-20 14:05:06 ~ IP : 127.0.0.1 ----------
REQUEST URI : /opencart/admin/index.php?route=catalog/manufacturer/update&amp;token=107f43d9918f90cef27c490643a7904d&amp;manufacturer_id=9
MOD DETAILS:
   modFile   : E:\wamp\www\opencart\vqmod/xml/alter_max_amount_for_gift_voucher.xml
   id        : Alter max amount for gift vouchers
   version   : 1.0
   vqmver    : 1.2.3
   author    : deejunit
Could not resolve path for [catalog/controller/checkout/voucher.php] (SKIPPED)
----------------------------------------------------------------------


---------- Date: 2013-08-20 14:05:06 ~ IP : 127.0.0.1 ----------
REQUEST URI : /opencart/admin/index.php?route=catalog/manufacturer&amp;token=107f43d9918f90cef27c490643a7904d
MOD DETAILS:
   modFile   : E:\wamp\www\opencart\vqmod/xml/alter_max_amount_for_gift_voucher.xml
   id        : Alter max amount for gift vouchers
   version   : 1.0
   vqmver    : 1.2.3
   author    : deejunit
Could not resolve path for [catalog/controller/checkout/voucher.php] (SKIPPED)
----------------------------------------------------------------------


---------- Date: 2013-08-20 14:05:10 ~ IP : 127.0.0.1 ----------
REQUEST URI : /opencart/admin/index.php?route=catalog/manufacturer/update&amp;token=107f43d9918f90cef27c490643a7904d&amp;manufacturer_id=9
MOD DETAILS:
   modFile   : E:\wamp\www\opencart\vqmod/xml/alter_max_amount_for_gift_voucher.xml
   id        : Alter max amount for gift vouchers
   version   : 1.0
   vqmver    : 1.2.3
   author    : deejunit
Could not resolve path for [catalog/controller/checkout/voucher.php] (SKIPPED)
----------------------------------------------------------------------


---------- Date: 2013-08-20 14:06:34 ~ IP : 127.0.0.1 ----------
REQUEST URI : /opencart/admin/index.php?route=catalog/manufacturer/update&amp;token=107f43d9918f90cef27c490643a7904d&amp;manufacturer_id=9
MOD DETAILS:
   modFile   : E:\wamp\www\opencart\vqmod/xml/alter_max_amount_for_gift_voucher.xml
   id        : Alter max amount for gift vouchers
   version   : 1.0
   vqmver    : 1.2.3
   author    : deejunit
Could not resolve path for [catalog/controller/checkout/voucher.php] (SKIPPED)
----------------------------------------------------------------------


---------- Date: 2013-08-20 14:06:34 ~ IP : 127.0.0.1 ----------
REQUEST URI : /opencart/admin/index.php?route=catalog/manufacturer&amp;token=107f43d9918f90cef27c490643a7904d
MOD DETAILS:
   modFile   : E:\wamp\www\opencart\vqmod/xml/alter_max_amount_for_gift_voucher.xml
   id        : Alter max amount for gift vouchers
   version   : 1.0
   vqmver    : 1.2.3
   author    : deejunit
Could not resolve path for [catalog/controller/checkout/voucher.php] (SKIPPED)
----------------------------------------------------------------------


---------- Date: 2013-08-20 14:06:36 ~ IP : 127.0.0.1 ----------
REQUEST URI : /opencart/admin/index.php?route=catalog/manufacturer/insert&amp;token=107f43d9918f90cef27c490643a7904d
MOD DETAILS:
   modFile   : E:\wamp\www\opencart\vqmod/xml/alter_max_amount_for_gift_voucher.xml
   id        : Alter max amount for gift vouchers
   version   : 1.0
   vqmver    : 1.2.3
   author    : deejunit
Could not resolve path for [catalog/controller/checkout/voucher.php] (SKIPPED)
----------------------------------------------------------------------


---------- Date: 2013-08-20 14:06:47 ~ IP : 127.0.0.1 ----------
REQUEST URI : /opencart/admin/index.php?route=common/filemanager&amp;token=107f43d9918f90cef27c490643a7904d&amp;field=image
MOD DETAILS:
   modFile   : E:\wamp\www\opencart\vqmod/xml/alter_max_amount_for_gift_voucher.xml
   id        : Alter max amount for gift vouchers
   version   : 1.0
   vqmver    : 1.2.3
   author    : deejunit
Could not resolve path for [catalog/controller/checkout/voucher.php] (SKIPPED)
----------------------------------------------------------------------


---------- Date: 2013-08-20 14:06:47 ~ IP : 127.0.0.1 ----------
REQUEST URI : /opencart/admin/index.php?route=common/filemanager/files&amp;token=107f43d9918f90cef27c490643a7904d
MOD DETAILS:
   modFile   : E:\wamp\www\opencart\vqmod/xml/alter_max_amount_for_gift_voucher.xml
   id        : Alter max amount for gift vouchers
   version   : 1.0
   vqmver    : 1.2.3
   author    : deejunit
Could not resolve path for [catalog/controller/checkout/voucher.php] (SKIPPED)
----------------------------------------------------------------------


---------- Date: 2013-08-20 14:06:47 ~ IP : 127.0.0.1 ----------
REQUEST URI : /opencart/admin/index.php?route=common/filemanager/image&amp;token=107f43d9918f90cef27c490643a7904d&amp;image=data%2Fcart.png
MOD DETAILS:
   modFile   : E:\wamp\www\opencart\vqmod/xml/alter_max_amount_for_gift_voucher.xml
   id        : Alter max amount for gift vouchers
   version   : 1.0
   vqmver    : 1.2.3
   author    : deejunit
Could not resolve path for [catalog/controller/checkout/voucher.php] (SKIPPED)
----------------------------------------------------------------------


---------- Date: 2013-08-20 14:06:47 ~ IP : 127.0.0.1 ----------
REQUEST URI : /opencart/admin/index.php?route=common/filemanager/image&amp;token=107f43d9918f90cef27c490643a7904d&amp;image=data%2Flogo.png
MOD DETAILS:
   modFile   : E:\wamp\www\opencart\vqmod/xml/alter_max_amount_for_gift_voucher.xml
   id        : Alter max amount for gift vouchers
   version   : 1.0
   vqmver    : 1.2.3
   author    : deejunit
Could not resolve path for [catalog/controller/checkout/voucher.php] (SKIPPED)
----------------------------------------------------------------------


---------- Date: 2013-08-20 14:07:33 ~ IP : 127.0.0.1 ----------
REQUEST URI : /opencart/admin/index.php?route=common/filemanager/upload&amp;token=107f43d9918f90cef27c490643a7904d
MOD DETAILS:
   modFile   : E:\wamp\www\opencart\vqmod/xml/alter_max_amount_for_gift_voucher.xml
   id        : Alter max amount for gift vouchers
   version   : 1.0
   vqmver    : 1.2.3
   author    : deejunit
Could not resolve path for [catalog/controller/checkout/voucher.php] (SKIPPED)
----------------------------------------------------------------------


---------- Date: 2013-08-20 14:07:33 ~ IP : 127.0.0.1 ----------
REQUEST URI : /opencart/admin/index.php?route=common/filemanager/files&amp;token=107f43d9918f90cef27c490643a7904d
MOD DETAILS:
   modFile   : E:\wamp\www\opencart\vqmod/xml/alter_max_amount_for_gift_voucher.xml
   id        : Alter max amount for gift vouchers
   version   : 1.0
   vqmver    : 1.2.3
   author    : deejunit
Could not resolve path for [catalog/controller/checkout/voucher.php] (SKIPPED)
----------------------------------------------------------------------


---------- Date: 2013-08-20 14:07:33 ~ IP : 127.0.0.1 ----------
REQUEST URI : /opencart/admin/index.php?route=common/filemanager/image&amp;token=107f43d9918f90cef27c490643a7904d&amp;image=data%2F247_PRAN_logo.jpg
MOD DETAILS:
   modFile   : E:\wamp\www\opencart\vqmod/xml/alter_max_amount_for_gift_voucher.xml
   id        : Alter max amount for gift vouchers
   version   : 1.0
   vqmver    : 1.2.3
   author    : deejunit
Could not resolve path for [catalog/controller/checkout/voucher.php] (SKIPPED)
----------------------------------------------------------------------


---------- Date: 2013-08-20 14:07:33 ~ IP : 127.0.0.1 ----------
REQUEST URI : /opencart/admin/index.php?route=common/filemanager/image&amp;token=107f43d9918f90cef27c490643a7904d&amp;image=data%2Fcart.png
MOD DETAILS:
   modFile   : E:\wamp\www\opencart\vqmod/xml/alter_max_amount_for_gift_voucher.xml
   id        : Alter max amount for gift vouchers
   version   : 1.0
   vqmver    : 1.2.3
   author    : deejunit
Could not resolve path for [catalog/controller/checkout/voucher.php] (SKIPPED)
----------------------------------------------------------------------


---------- Date: 2013-08-20 14:07:33 ~ IP : 127.0.0.1 ----------
REQUEST URI : /opencart/admin/index.php?route=common/filemanager/image&amp;token=107f43d9918f90cef27c490643a7904d&amp;image=data%2Flogo.png
MOD DETAILS:
   modFile   : E:\wamp\www\opencart\vqmod/xml/alter_max_amount_for_gift_voucher.xml
   id        : Alter max amount for gift vouchers
   version   : 1.0
   vqmver    : 1.2.3
   author    : deejunit
Could not resolve path for [catalog/controller/checkout/voucher.php] (SKIPPED)
----------------------------------------------------------------------


---------- Date: 2013-08-20 14:07:40 ~ IP : 127.0.0.1 ----------
REQUEST URI : /opencart/admin/index.php?route=common/filemanager/image&amp;token=107f43d9918f90cef27c490643a7904d&amp;image=data%2F247_PRAN_logo.jpg
MOD DETAILS:
   modFile   : E:\wamp\www\opencart\vqmod/xml/alter_max_amount_for_gift_voucher.xml
   id        : Alter max amount for gift vouchers
   version   : 1.0
   vqmver    : 1.2.3
   author    : deejunit
Could not resolve path for [catalog/controller/checkout/voucher.php] (SKIPPED)
----------------------------------------------------------------------


---------- Date: 2013-08-20 14:07:50 ~ IP : 127.0.0.1 ----------
REQUEST URI : /opencart/admin/index.php?route=catalog/manufacturer/insert&amp;token=107f43d9918f90cef27c490643a7904d
MOD DETAILS:
   modFile   : E:\wamp\www\opencart\vqmod/xml/alter_max_amount_for_gift_voucher.xml
   id        : Alter max amount for gift vouchers
   version   : 1.0
   vqmver    : 1.2.3
   author    : deejunit
Could not resolve path for [catalog/controller/checkout/voucher.php] (SKIPPED)
----------------------------------------------------------------------


---------- Date: 2013-08-20 14:07:50 ~ IP : 127.0.0.1 ----------
REQUEST URI : /opencart/admin/index.php?route=catalog/manufacturer&amp;token=107f43d9918f90cef27c490643a7904d
MOD DETAILS:
   modFile   : E:\wamp\www\opencart\vqmod/xml/alter_max_amount_for_gift_voucher.xml
   id        : Alter max amount for gift vouchers
   version   : 1.0
   vqmver    : 1.2.3
   author    : deejunit
Could not resolve path for [catalog/controller/checkout/voucher.php] (SKIPPED)
----------------------------------------------------------------------


---------- Date: 2013-08-20 14:08:19 ~ IP : 127.0.0.1 ----------
REQUEST URI : /opencart/index.php?route=common/home
MOD DETAILS:
   modFile   : E:\wamp\www\opencart\vqmod/xml/alter_max_amount_for_gift_voucher.xml
   id        : Alter max amount for gift vouchers
   version   : 1.0
   vqmver    : 1.2.3
   author    : deejunit
Could not resolve path for [catalog/controller/checkout/voucher.php] (SKIPPED)
----------------------------------------------------------------------


---------- Date: 2013-08-20 15:32:49 ~ IP : 127.0.0.1 ----------
REQUEST URI : /opencart/admin/index.php?route=extension/module&amp;token=107f43d9918f90cef27c490643a7904d
MOD DETAILS:
   modFile   : E:\wamp\www\opencart\vqmod/xml/alter_max_amount_for_gift_voucher.xml
   id        : Alter max amount for gift vouchers
   version   : 1.0
   vqmver    : 1.2.3
   author    : deejunit
Could not resolve path for [catalog/controller/checkout/voucher.php] (SKIPPED)
----------------------------------------------------------------------


---------- Date: 2013-08-20 15:32:54 ~ IP : 127.0.0.1 ----------
REQUEST URI : /opencart/admin/index.php?route=module/carousel&amp;token=107f43d9918f90cef27c490643a7904d
MOD DETAILS:
   modFile   : E:\wamp\www\opencart\vqmod/xml/alter_max_amount_for_gift_voucher.xml
   id        : Alter max amount for gift vouchers
   version   : 1.0
   vqmver    : 1.2.3
   author    : deejunit
Could not resolve path for [catalog/controller/checkout/voucher.php] (SKIPPED)
----------------------------------------------------------------------


