---------- Date: 2013-08-21 15:36:31 ~ IP : 127.0.0.1 ----------
REQUEST URI : /opencart/index.php?route=common/home
MOD DETAILS:
   modFile   : E:\wamp\www\opencart\vqmod/xml/alter_max_amount_for_gift_voucher.xml
   id        : Alter max amount for gift vouchers
   version   : 1.0
   vqmver    : 1.2.3
   author    : deejunit
Could not resolve path for [catalog/controller/checkout/voucher.php] (SKIPPED)
----------------------------------------------------------------------


---------- Date: 2013-08-21 15:38:28 ~ IP : 127.0.0.1 ----------
REQUEST URI : /opencart/index.php?route=module/carousel
MOD DETAILS:
   modFile   : E:\wamp\www\opencart\vqmod/xml/alter_max_amount_for_gift_voucher.xml
   id        : Alter max amount for gift vouchers
   version   : 1.0
   vqmver    : 1.2.3
   author    : deejunit
Could not resolve path for [catalog/controller/checkout/voucher.php] (SKIPPED)
----------------------------------------------------------------------


---------- Date: 2013-08-21 15:46:44 ~ IP : 127.0.0.1 ----------
REQUEST URI : /opencart/admin/index.php?route=module/carousel&amp;token=107f43d9918f90cef27c490643a7904d
MOD DETAILS:
   modFile   : E:\wamp\www\opencart\vqmod/xml/alter_max_amount_for_gift_voucher.xml
   id        : Alter max amount for gift vouchers
   version   : 1.0
   vqmver    : 1.2.3
   author    : deejunit
Could not resolve path for [catalog/controller/checkout/voucher.php] (SKIPPED)
----------------------------------------------------------------------


---------- Date: 2013-08-21 15:47:16 ~ IP : 127.0.0.1 ----------
REQUEST URI : /opencart/admin/index.php?route=module/carousel&amp;token=107f43d9918f90cef27c490643a7904d
MOD DETAILS:
   modFile   : E:\wamp\www\opencart\vqmod/xml/alter_max_amount_for_gift_voucher.xml
   id        : Alter max amount for gift vouchers
   version   : 1.0
   vqmver    : 1.2.3
   author    : deejunit
Could not resolve path for [catalog/controller/checkout/voucher.php] (SKIPPED)
----------------------------------------------------------------------


---------- Date: 2013-08-21 15:47:17 ~ IP : 127.0.0.1 ----------
REQUEST URI : /opencart/admin/index.php?route=extension/module&amp;token=107f43d9918f90cef27c490643a7904d
MOD DETAILS:
   modFile   : E:\wamp\www\opencart\vqmod/xml/alter_max_amount_for_gift_voucher.xml
   id        : Alter max amount for gift vouchers
   version   : 1.0
   vqmver    : 1.2.3
   author    : deejunit
Could not resolve path for [catalog/controller/checkout/voucher.php] (SKIPPED)
----------------------------------------------------------------------


---------- Date: 2013-08-21 15:47:24 ~ IP : 127.0.0.1 ----------
REQUEST URI : /opencart/index.php?route=common/home
MOD DETAILS:
   modFile   : E:\wamp\www\opencart\vqmod/xml/alter_max_amount_for_gift_voucher.xml
   id        : Alter max amount for gift vouchers
   version   : 1.0
   vqmver    : 1.2.3
   author    : deejunit
Could not resolve path for [catalog/controller/checkout/voucher.php] (SKIPPED)
----------------------------------------------------------------------


---------- Date: 2013-08-21 15:47:34 ~ IP : 127.0.0.1 ----------
REQUEST URI : /opencart/admin/index.php?route=module/carousel&amp;token=107f43d9918f90cef27c490643a7904d
MOD DETAILS:
   modFile   : E:\wamp\www\opencart\vqmod/xml/alter_max_amount_for_gift_voucher.xml
   id        : Alter max amount for gift vouchers
   version   : 1.0
   vqmver    : 1.2.3
   author    : deejunit
Could not resolve path for [catalog/controller/checkout/voucher.php] (SKIPPED)
----------------------------------------------------------------------


---------- Date: 2013-08-21 15:47:40 ~ IP : 127.0.0.1 ----------
REQUEST URI : /opencart/admin/index.php?route=module/carousel&amp;token=107f43d9918f90cef27c490643a7904d
MOD DETAILS:
   modFile   : E:\wamp\www\opencart\vqmod/xml/alter_max_amount_for_gift_voucher.xml
   id        : Alter max amount for gift vouchers
   version   : 1.0
   vqmver    : 1.2.3
   author    : deejunit
Could not resolve path for [catalog/controller/checkout/voucher.php] (SKIPPED)
----------------------------------------------------------------------


---------- Date: 2013-08-21 15:47:40 ~ IP : 127.0.0.1 ----------
REQUEST URI : /opencart/admin/index.php?route=extension/module&amp;token=107f43d9918f90cef27c490643a7904d
MOD DETAILS:
   modFile   : E:\wamp\www\opencart\vqmod/xml/alter_max_amount_for_gift_voucher.xml
   id        : Alter max amount for gift vouchers
   version   : 1.0
   vqmver    : 1.2.3
   author    : deejunit
Could not resolve path for [catalog/controller/checkout/voucher.php] (SKIPPED)
----------------------------------------------------------------------


---------- Date: 2013-08-21 15:47:46 ~ IP : 127.0.0.1 ----------
REQUEST URI : /opencart/admin/index.php?route=module/carousel&amp;token=107f43d9918f90cef27c490643a7904d
MOD DETAILS:
   modFile   : E:\wamp\www\opencart\vqmod/xml/alter_max_amount_for_gift_voucher.xml
   id        : Alter max amount for gift vouchers
   version   : 1.0
   vqmver    : 1.2.3
   author    : deejunit
Could not resolve path for [catalog/controller/checkout/voucher.php] (SKIPPED)
----------------------------------------------------------------------


---------- Date: 2013-08-21 15:48:07 ~ IP : 127.0.0.1 ----------
REQUEST URI : /opencart/admin/index.php?route=extension/module&amp;token=107f43d9918f90cef27c490643a7904d
MOD DETAILS:
   modFile   : E:\wamp\www\opencart\vqmod/xml/alter_max_amount_for_gift_voucher.xml
   id        : Alter max amount for gift vouchers
   version   : 1.0
   vqmver    : 1.2.3
   author    : deejunit
Could not resolve path for [catalog/controller/checkout/voucher.php] (SKIPPED)
----------------------------------------------------------------------


---------- Date: 2013-08-21 15:48:25 ~ IP : 127.0.0.1 ----------
REQUEST URI : /opencart/admin/index.php?route=module/slideshow&amp;token=107f43d9918f90cef27c490643a7904d
MOD DETAILS:
   modFile   : E:\wamp\www\opencart\vqmod/xml/alter_max_amount_for_gift_voucher.xml
   id        : Alter max amount for gift vouchers
   version   : 1.0
   vqmver    : 1.2.3
   author    : deejunit
Could not resolve path for [catalog/controller/checkout/voucher.php] (SKIPPED)
----------------------------------------------------------------------


---------- Date: 2013-08-21 15:49:24 ~ IP : 127.0.0.1 ----------
REQUEST URI : /opencart/admin/index.php?route=design/banner&amp;token=107f43d9918f90cef27c490643a7904d
MOD DETAILS:
   modFile   : E:\wamp\www\opencart\vqmod/xml/alter_max_amount_for_gift_voucher.xml
   id        : Alter max amount for gift vouchers
   version   : 1.0
   vqmver    : 1.2.3
   author    : deejunit
Could not resolve path for [catalog/controller/checkout/voucher.php] (SKIPPED)
----------------------------------------------------------------------


---------- Date: 2013-08-21 15:49:31 ~ IP : 127.0.0.1 ----------
REQUEST URI : /opencart/admin/index.php?route=design/banner/update&amp;token=107f43d9918f90cef27c490643a7904d&amp;banner_id=8
MOD DETAILS:
   modFile   : E:\wamp\www\opencart\vqmod/xml/alter_max_amount_for_gift_voucher.xml
   id        : Alter max amount for gift vouchers
   version   : 1.0
   vqmver    : 1.2.3
   author    : deejunit
Could not resolve path for [catalog/controller/checkout/voucher.php] (SKIPPED)
----------------------------------------------------------------------


---------- Date: 2013-08-21 16:03:22 ~ IP : 127.0.0.1 ----------
REQUEST URI : /opencart/admin/index.php?route=design/banner&amp;token=107f43d9918f90cef27c490643a7904d
MOD DETAILS:
   modFile   : E:\wamp\www\opencart\vqmod/xml/alter_max_amount_for_gift_voucher.xml
   id        : Alter max amount for gift vouchers
   version   : 1.0
   vqmver    : 1.2.3
   author    : deejunit
Could not resolve path for [catalog/controller/checkout/voucher.php] (SKIPPED)
----------------------------------------------------------------------


---------- Date: 2013-08-21 16:03:27 ~ IP : 127.0.0.1 ----------
REQUEST URI : /opencart/admin/index.php?route=design/banner/update&amp;token=107f43d9918f90cef27c490643a7904d&amp;banner_id=6
MOD DETAILS:
   modFile   : E:\wamp\www\opencart\vqmod/xml/alter_max_amount_for_gift_voucher.xml
   id        : Alter max amount for gift vouchers
   version   : 1.0
   vqmver    : 1.2.3
   author    : deejunit
Could not resolve path for [catalog/controller/checkout/voucher.php] (SKIPPED)
----------------------------------------------------------------------


---------- Date: 2013-08-21 16:06:31 ~ IP : 127.0.0.1 ----------
REQUEST URI : /opencart/index.php?route=common/home
MOD DETAILS:
   modFile   : E:\wamp\www\opencart\vqmod/xml/alter_max_amount_for_gift_voucher.xml
   id        : Alter max amount for gift vouchers
   version   : 1.0
   vqmver    : 1.2.3
   author    : deejunit
Could not resolve path for [catalog/controller/checkout/voucher.php] (SKIPPED)
----------------------------------------------------------------------


---------- Date: 2013-08-21 16:06:34 ~ IP : 127.0.0.1 ----------
REQUEST URI : /opencart/index.php?route=product/product&amp;product_id=49
MOD DETAILS:
   modFile   : E:\wamp\www\opencart\vqmod/xml/alter_max_amount_for_gift_voucher.xml
   id        : Alter max amount for gift vouchers
   version   : 1.0
   vqmver    : 1.2.3
   author    : deejunit
Could not resolve path for [catalog/controller/checkout/voucher.php] (SKIPPED)
----------------------------------------------------------------------


---------- Date: 2013-08-21 16:08:36 ~ IP : 127.0.0.1 ----------
REQUEST URI : /opencart/index.php?route=product/product&amp;product_id=49
MOD DETAILS:
   modFile   : E:\wamp\www\opencart\vqmod/xml/alter_max_amount_for_gift_voucher.xml
   id        : Alter max amount for gift vouchers
   version   : 1.0
   vqmver    : 1.2.3
   author    : deejunit
Could not resolve path for [catalog/controller/checkout/voucher.php] (SKIPPED)
----------------------------------------------------------------------


---------- Date: 2013-08-21 16:09:04 ~ IP : 127.0.0.1 ----------
REQUEST URI : /opencart/index.php?route=product/product&amp;product_id=49
MOD DETAILS:
   modFile   : E:\wamp\www\opencart\vqmod/xml/alter_max_amount_for_gift_voucher.xml
   id        : Alter max amount for gift vouchers
   version   : 1.0
   vqmver    : 1.2.3
   author    : deejunit
Could not resolve path for [catalog/controller/checkout/voucher.php] (SKIPPED)
----------------------------------------------------------------------


---------- Date: 2013-08-21 16:10:42 ~ IP : 127.0.0.1 ----------
REQUEST URI : /opencart/index.php?route=product/product&amp;product_id=49
MOD DETAILS:
   modFile   : E:\wamp\www\opencart\vqmod/xml/alter_max_amount_for_gift_voucher.xml
   id        : Alter max amount for gift vouchers
   version   : 1.0
   vqmver    : 1.2.3
   author    : deejunit
Could not resolve path for [catalog/controller/checkout/voucher.php] (SKIPPED)
----------------------------------------------------------------------


---------- Date: 2013-08-21 16:11:02 ~ IP : 127.0.0.1 ----------
REQUEST URI : /opencart/index.php?route=product/product&amp;product_id=49
MOD DETAILS:
   modFile   : E:\wamp\www\opencart\vqmod/xml/alter_max_amount_for_gift_voucher.xml
   id        : Alter max amount for gift vouchers
   version   : 1.0
   vqmver    : 1.2.3
   author    : deejunit
Could not resolve path for [catalog/controller/checkout/voucher.php] (SKIPPED)
----------------------------------------------------------------------


---------- Date: 2013-08-21 16:17:21 ~ IP : 127.0.0.1 ----------
REQUEST URI : /opencart/index.php?route=product/product&amp;product_id=49
MOD DETAILS:
   modFile   : E:\wamp\www\opencart\vqmod/xml/alter_max_amount_for_gift_voucher.xml
   id        : Alter max amount for gift vouchers
   version   : 1.0
   vqmver    : 1.2.3
   author    : deejunit
Could not resolve path for [catalog/controller/checkout/voucher.php] (SKIPPED)
----------------------------------------------------------------------


---------- Date: 2013-08-21 16:18:15 ~ IP : 127.0.0.1 ----------
REQUEST URI : /opencart/index.php?route=product/product&amp;product_id=49
MOD DETAILS:
   modFile   : E:\wamp\www\opencart\vqmod/xml/alter_max_amount_for_gift_voucher.xml
   id        : Alter max amount for gift vouchers
   version   : 1.0
   vqmver    : 1.2.3
   author    : deejunit
Could not resolve path for [catalog/controller/checkout/voucher.php] (SKIPPED)
----------------------------------------------------------------------


---------- Date: 2013-08-21 16:18:38 ~ IP : 127.0.0.1 ----------
REQUEST URI : /opencart/admin/index.php?route=catalog/product&amp;token=107f43d9918f90cef27c490643a7904d
MOD DETAILS:
   modFile   : E:\wamp\www\opencart\vqmod/xml/alter_max_amount_for_gift_voucher.xml
   id        : Alter max amount for gift vouchers
   version   : 1.0
   vqmver    : 1.2.3
   author    : deejunit
Could not resolve path for [catalog/controller/checkout/voucher.php] (SKIPPED)
----------------------------------------------------------------------


---------- Date: 2013-08-21 16:19:08 ~ IP : 127.0.0.1 ----------
REQUEST URI : /opencart/admin/index.php?route=catalog/product/update&amp;token=107f43d9918f90cef27c490643a7904d&amp;product_id=45
MOD DETAILS:
   modFile   : E:\wamp\www\opencart\vqmod/xml/alter_max_amount_for_gift_voucher.xml
   id        : Alter max amount for gift vouchers
   version   : 1.0
   vqmver    : 1.2.3
   author    : deejunit
Could not resolve path for [catalog/controller/checkout/voucher.php] (SKIPPED)
----------------------------------------------------------------------


---------- Date: 2013-08-21 16:19:28 ~ IP : 127.0.0.1 ----------
REQUEST URI : /opencart/admin/index.php?route=catalog/product/update&amp;token=107f43d9918f90cef27c490643a7904d&amp;product_id=45
MOD DETAILS:
   modFile   : E:\wamp\www\opencart\vqmod/xml/alter_max_amount_for_gift_voucher.xml
   id        : Alter max amount for gift vouchers
   version   : 1.0
   vqmver    : 1.2.3
   author    : deejunit
Could not resolve path for [catalog/controller/checkout/voucher.php] (SKIPPED)
----------------------------------------------------------------------


---------- Date: 2013-08-21 16:19:28 ~ IP : 127.0.0.1 ----------
REQUEST URI : /opencart/admin/index.php?route=catalog/product&amp;token=107f43d9918f90cef27c490643a7904d
MOD DETAILS:
   modFile   : E:\wamp\www\opencart\vqmod/xml/alter_max_amount_for_gift_voucher.xml
   id        : Alter max amount for gift vouchers
   version   : 1.0
   vqmver    : 1.2.3
   author    : deejunit
Could not resolve path for [catalog/controller/checkout/voucher.php] (SKIPPED)
----------------------------------------------------------------------


---------- Date: 2013-08-21 16:19:37 ~ IP : 127.0.0.1 ----------
REQUEST URI : /opencart/index.php?route=product/category&amp;path=18
MOD DETAILS:
   modFile   : E:\wamp\www\opencart\vqmod/xml/alter_max_amount_for_gift_voucher.xml
   id        : Alter max amount for gift vouchers
   version   : 1.0
   vqmver    : 1.2.3
   author    : deejunit
Could not resolve path for [catalog/controller/checkout/voucher.php] (SKIPPED)
----------------------------------------------------------------------


---------- Date: 2013-08-21 16:19:42 ~ IP : 127.0.0.1 ----------
REQUEST URI : /opencart/index.php?route=product/product&amp;path=18&amp;product_id=45
MOD DETAILS:
   modFile   : E:\wamp\www\opencart\vqmod/xml/alter_max_amount_for_gift_voucher.xml
   id        : Alter max amount for gift vouchers
   version   : 1.0
   vqmver    : 1.2.3
   author    : deejunit
Could not resolve path for [catalog/controller/checkout/voucher.php] (SKIPPED)
----------------------------------------------------------------------


---------- Date: 2013-08-21 16:20:10 ~ IP : 127.0.0.1 ----------
REQUEST URI : /opencart/index.php?route=product/product&amp;path=18&amp;product_id=45
MOD DETAILS:
   modFile   : E:\wamp\www\opencart\vqmod/xml/alter_max_amount_for_gift_voucher.xml
   id        : Alter max amount for gift vouchers
   version   : 1.0
   vqmver    : 1.2.3
   author    : deejunit
Could not resolve path for [catalog/controller/checkout/voucher.php] (SKIPPED)
----------------------------------------------------------------------


---------- Date: 2013-08-21 16:21:17 ~ IP : 127.0.0.1 ----------
REQUEST URI : /opencart/admin/index.php?route=catalog/product/update&amp;token=107f43d9918f90cef27c490643a7904d&amp;product_id=45
MOD DETAILS:
   modFile   : E:\wamp\www\opencart\vqmod/xml/alter_max_amount_for_gift_voucher.xml
   id        : Alter max amount for gift vouchers
   version   : 1.0
   vqmver    : 1.2.3
   author    : deejunit
Could not resolve path for [catalog/controller/checkout/voucher.php] (SKIPPED)
----------------------------------------------------------------------


---------- Date: 2013-08-21 16:23:15 ~ IP : 127.0.0.1 ----------
REQUEST URI : /opencart/index.php?route=account/voucher
MOD DETAILS:
   modFile   : E:\wamp\www\opencart\vqmod/xml/alter_max_amount_for_gift_voucher.xml
   id        : Alter max amount for gift vouchers
   version   : 1.0
   vqmver    : 1.2.3
   author    : deejunit
Could not resolve path for [catalog/controller/checkout/voucher.php] (SKIPPED)
----------------------------------------------------------------------


